ERROR - 2023-07-06 11:38:39 --> Error connecting to the database: mysqli_sql_exception: Access denied for user ''@'localhost' (using password: NO) in C:\xampp\htdocs\myapp\system\Database\MySQLi\Connection.php:174
Stack trace:
#0 C:\xampp\htdocs\myapp\system\Database\MySQLi\Connection.php(174): mysqli->real_connect('localhost', '', '', '', 3306, '', 0)
#1 C:\xampp\htdocs\myapp\system\Database\BaseConnection.php(391): CodeIgniter\Database\MySQLi\Connection->connect(false)
#2 C:\xampp\htdocs\myapp\system\Database\BaseConnection.php(574): CodeIgniter\Database\BaseConnection->initialize()
#3 C:\xampp\htdocs\myapp\system\Database\BaseBuilder.php(1616): CodeIgniter\Database\BaseConnection->query('SELECT SUM(`nom...', Array, false)
#4 C:\xampp\htdocs\myapp\app\Models\PemasukanModel.php(22): CodeIgniter\Database\BaseBuilder->get()
#5 C:\xampp\htdocs\myapp\app\Controllers\Dashboard.php(13): App\Models\PemasukanModel->sumPemasukan()
#6 C:\xampp\htdocs\myapp\system\CodeIgniter.php(934): App\Controllers\Dashboard->index()
#7 C:\xampp\htdocs\myapp\system\CodeIgniter.php(499): CodeIgniter\CodeIgniter->runController(Object(App\Controllers\Dashboard))
#8 C:\xampp\htdocs\myapp\system\CodeIgniter.php(368): CodeIgniter\CodeIgniter->handleRequest(NULL, Object(Config\Cache), false)
#9 C:\xampp\htdocs\myapp\public\index.php(67): CodeIgniter\CodeIgniter->run()
#10 {main}

Next CodeIgniter\Database\Exceptions\DatabaseException: Access denied for user ''@'localhost' (using password: NO) in C:\xampp\htdocs\myapp\system\Database\MySQLi\Connection.php:218
Stack trace:
#0 C:\xampp\htdocs\myapp\system\Database\BaseConnection.php(391): CodeIgniter\Database\MySQLi\Connection->connect(false)
#1 C:\xampp\htdocs\myapp\system\Database\BaseConnection.php(574): CodeIgniter\Database\BaseConnection->initialize()
#2 C:\xampp\htdocs\myapp\system\Database\BaseBuilder.php(1616): CodeIgniter\Database\BaseConnection->query('SELECT SUM(`nom...', Array, false)
#3 C:\xampp\htdocs\myapp\app\Models\PemasukanModel.php(22): CodeIgniter\Database\BaseBuilder->get()
#4 C:\xampp\htdocs\myapp\app\Controllers\Dashboard.php(13): App\Models\PemasukanModel->sumPemasukan()
#5 C:\xampp\htdocs\myapp\system\CodeIgniter.php(934): App\Controllers\Dashboard->index()
#6 C:\xampp\htdocs\myapp\system\CodeIgniter.php(499): CodeIgniter\CodeIgniter->runController(Object(App\Controllers\Dashboard))
#7 C:\xampp\htdocs\myapp\system\CodeIgniter.php(368): CodeIgniter\CodeIgniter->handleRequest(NULL, Object(Config\Cache), false)
#8 C:\xampp\htdocs\myapp\public\index.php(67): CodeIgniter\CodeIgniter->run()
#9 {main}
CRITICAL - 2023-07-06 11:38:39 --> Unable to connect to the database.
Main connection [MySQLi]: Access denied for user ''@'localhost' (using password: NO)
in SYSTEMPATH\Database\BaseConnection.php on line 427.
 1 SYSTEMPATH\Database\BaseConnection.php(574): CodeIgniter\Database\BaseConnection->initialize()
 2 SYSTEMPATH\Database\BaseBuilder.php(1616): CodeIgniter\Database\BaseConnection->query('SELECT SUM(`nominal_pemasukan`) AS `nominal_pemasukan`
FROM `pemasukan`', [], false)
 3 APPPATH\Models\PemasukanModel.php(22): CodeIgniter\Database\BaseBuilder->get()
 4 APPPATH\Controllers\Dashboard.php(13): App\Models\PemasukanModel->sumPemasukan()
 5 SYSTEMPATH\CodeIgniter.php(934): App\Controllers\Dashboard->index()
 6 SYSTEMPATH\CodeIgniter.php(499): CodeIgniter\CodeIgniter->runController(Object(App\Controllers\Dashboard))
 7 SYSTEMPATH\CodeIgniter.php(368): CodeIgniter\CodeIgniter->handleRequest(null, Object(Config\Cache), false)
 8 FCPATH\index.php(67): CodeIgniter\CodeIgniter->run()
ERROR - 2023-07-06 11:43:54 --> Error connecting to the database: mysqli_sql_exception: Access denied for user ''@'localhost' (using password: NO) in C:\xampp\htdocs\myapp\system\Database\MySQLi\Connection.php:174
Stack trace:
#0 C:\xampp\htdocs\myapp\system\Database\MySQLi\Connection.php(174): mysqli->real_connect('localhost', '', '', '', 3306, '', 0)
#1 C:\xampp\htdocs\myapp\system\Database\BaseConnection.php(391): CodeIgniter\Database\MySQLi\Connection->connect(false)
#2 C:\xampp\htdocs\myapp\system\Database\BaseConnection.php(574): CodeIgniter\Database\BaseConnection->initialize()
#3 C:\xampp\htdocs\myapp\system\Database\BaseBuilder.php(1616): CodeIgniter\Database\BaseConnection->query('SELECT SUM(`nom...', Array, false)
#4 C:\xampp\htdocs\myapp\app\Models\PemasukanModel.php(22): CodeIgniter\Database\BaseBuilder->get()
#5 C:\xampp\htdocs\myapp\app\Controllers\Dashboard.php(13): App\Models\PemasukanModel->sumPemasukan()
#6 C:\xampp\htdocs\myapp\system\CodeIgniter.php(934): App\Controllers\Dashboard->index()
#7 C:\xampp\htdocs\myapp\system\CodeIgniter.php(499): CodeIgniter\CodeIgniter->runController(Object(App\Controllers\Dashboard))
#8 C:\xampp\htdocs\myapp\system\CodeIgniter.php(368): CodeIgniter\CodeIgniter->handleRequest(NULL, Object(Config\Cache), false)
#9 C:\xampp\htdocs\myapp\public\index.php(67): CodeIgniter\CodeIgniter->run()
#10 {main}

Next CodeIgniter\Database\Exceptions\DatabaseException: Access denied for user ''@'localhost' (using password: NO) in C:\xampp\htdocs\myapp\system\Database\MySQLi\Connection.php:218
Stack trace:
#0 C:\xampp\htdocs\myapp\system\Database\BaseConnection.php(391): CodeIgniter\Database\MySQLi\Connection->connect(false)
#1 C:\xampp\htdocs\myapp\system\Database\BaseConnection.php(574): CodeIgniter\Database\BaseConnection->initialize()
#2 C:\xampp\htdocs\myapp\system\Database\BaseBuilder.php(1616): CodeIgniter\Database\BaseConnection->query('SELECT SUM(`nom...', Array, false)
#3 C:\xampp\htdocs\myapp\app\Models\PemasukanModel.php(22): CodeIgniter\Database\BaseBuilder->get()
#4 C:\xampp\htdocs\myapp\app\Controllers\Dashboard.php(13): App\Models\PemasukanModel->sumPemasukan()
#5 C:\xampp\htdocs\myapp\system\CodeIgniter.php(934): App\Controllers\Dashboard->index()
#6 C:\xampp\htdocs\myapp\system\CodeIgniter.php(499): CodeIgniter\CodeIgniter->runController(Object(App\Controllers\Dashboard))
#7 C:\xampp\htdocs\myapp\system\CodeIgniter.php(368): CodeIgniter\CodeIgniter->handleRequest(NULL, Object(Config\Cache), false)
#8 C:\xampp\htdocs\myapp\public\index.php(67): CodeIgniter\CodeIgniter->run()
#9 {main}
CRITICAL - 2023-07-06 11:43:54 --> Unable to connect to the database.
Main connection [MySQLi]: Access denied for user ''@'localhost' (using password: NO)
in SYSTEMPATH\Database\BaseConnection.php on line 427.
 1 SYSTEMPATH\Database\BaseConnection.php(574): CodeIgniter\Database\BaseConnection->initialize()
 2 SYSTEMPATH\Database\BaseBuilder.php(1616): CodeIgniter\Database\BaseConnection->query('SELECT SUM(`nominal_pemasukan`) AS `nominal_pemasukan`
FROM `pemasukan`', [], false)
 3 APPPATH\Models\PemasukanModel.php(22): CodeIgniter\Database\BaseBuilder->get()
 4 APPPATH\Controllers\Dashboard.php(13): App\Models\PemasukanModel->sumPemasukan()
 5 SYSTEMPATH\CodeIgniter.php(934): App\Controllers\Dashboard->index()
 6 SYSTEMPATH\CodeIgniter.php(499): CodeIgniter\CodeIgniter->runController(Object(App\Controllers\Dashboard))
 7 SYSTEMPATH\CodeIgniter.php(368): CodeIgniter\CodeIgniter->handleRequest(null, Object(Config\Cache), false)
 8 FCPATH\index.php(67): CodeIgniter\CodeIgniter->run()
ERROR - 2023-07-06 11:53:00 --> Error connecting to the database: mysqli_sql_exception: Access denied for user ''@'localhost' (using password: NO) in C:\xampp\htdocs\myapp\system\Database\MySQLi\Connection.php:174
Stack trace:
#0 C:\xampp\htdocs\myapp\system\Database\MySQLi\Connection.php(174): mysqli->real_connect('localhost', '', '', '', 3306, '', 0)
#1 C:\xampp\htdocs\myapp\system\Database\BaseConnection.php(391): CodeIgniter\Database\MySQLi\Connection->connect(false)
#2 C:\xampp\htdocs\myapp\system\Database\BaseConnection.php(574): CodeIgniter\Database\BaseConnection->initialize()
#3 C:\xampp\htdocs\myapp\system\Database\BaseBuilder.php(1616): CodeIgniter\Database\BaseConnection->query('SELECT SUM(`nom...', Array, false)
#4 C:\xampp\htdocs\myapp\app\Models\PemasukanModel.php(22): CodeIgniter\Database\BaseBuilder->get()
#5 C:\xampp\htdocs\myapp\app\Controllers\Dashboard.php(13): App\Models\PemasukanModel->sumPemasukan()
#6 C:\xampp\htdocs\myapp\system\CodeIgniter.php(934): App\Controllers\Dashboard->index()
#7 C:\xampp\htdocs\myapp\system\CodeIgniter.php(499): CodeIgniter\CodeIgniter->runController(Object(App\Controllers\Dashboard))
#8 C:\xampp\htdocs\myapp\system\CodeIgniter.php(368): CodeIgniter\CodeIgniter->handleRequest(NULL, Object(Config\Cache), false)
#9 C:\xampp\htdocs\myapp\public\index.php(67): CodeIgniter\CodeIgniter->run()
#10 {main}

Next CodeIgniter\Database\Exceptions\DatabaseException: Access denied for user ''@'localhost' (using password: NO) in C:\xampp\htdocs\myapp\system\Database\MySQLi\Connection.php:218
Stack trace:
#0 C:\xampp\htdocs\myapp\system\Database\BaseConnection.php(391): CodeIgniter\Database\MySQLi\Connection->connect(false)
#1 C:\xampp\htdocs\myapp\system\Database\BaseConnection.php(574): CodeIgniter\Database\BaseConnection->initialize()
#2 C:\xampp\htdocs\myapp\system\Database\BaseBuilder.php(1616): CodeIgniter\Database\BaseConnection->query('SELECT SUM(`nom...', Array, false)
#3 C:\xampp\htdocs\myapp\app\Models\PemasukanModel.php(22): CodeIgniter\Database\BaseBuilder->get()
#4 C:\xampp\htdocs\myapp\app\Controllers\Dashboard.php(13): App\Models\PemasukanModel->sumPemasukan()
#5 C:\xampp\htdocs\myapp\system\CodeIgniter.php(934): App\Controllers\Dashboard->index()
#6 C:\xampp\htdocs\myapp\system\CodeIgniter.php(499): CodeIgniter\CodeIgniter->runController(Object(App\Controllers\Dashboard))
#7 C:\xampp\htdocs\myapp\system\CodeIgniter.php(368): CodeIgniter\CodeIgniter->handleRequest(NULL, Object(Config\Cache), false)
#8 C:\xampp\htdocs\myapp\public\index.php(67): CodeIgniter\CodeIgniter->run()
#9 {main}
CRITICAL - 2023-07-06 11:53:00 --> Unable to connect to the database.
Main connection [MySQLi]: Access denied for user ''@'localhost' (using password: NO)
in SYSTEMPATH\Database\BaseConnection.php on line 427.
 1 SYSTEMPATH\Database\BaseConnection.php(574): CodeIgniter\Database\BaseConnection->initialize()
 2 SYSTEMPATH\Database\BaseBuilder.php(1616): CodeIgniter\Database\BaseConnection->query('SELECT SUM(`nominal_pemasukan`) AS `nominal_pemasukan`
FROM `pemasukan`', [], false)
 3 APPPATH\Models\PemasukanModel.php(22): CodeIgniter\Database\BaseBuilder->get()
 4 APPPATH\Controllers\Dashboard.php(13): App\Models\PemasukanModel->sumPemasukan()
 5 SYSTEMPATH\CodeIgniter.php(934): App\Controllers\Dashboard->index()
 6 SYSTEMPATH\CodeIgniter.php(499): CodeIgniter\CodeIgniter->runController(Object(App\Controllers\Dashboard))
 7 SYSTEMPATH\CodeIgniter.php(368): CodeIgniter\CodeIgniter->handleRequest(null, Object(Config\Cache), false)
 8 FCPATH\index.php(67): CodeIgniter\CodeIgniter->run()
ERROR - 2023-07-06 11:53:01 --> Error connecting to the database: mysqli_sql_exception: Access denied for user ''@'localhost' (using password: NO) in C:\xampp\htdocs\myapp\system\Database\MySQLi\Connection.php:174
Stack trace:
#0 C:\xampp\htdocs\myapp\system\Database\MySQLi\Connection.php(174): mysqli->real_connect('localhost', '', '', '', 3306, '', 0)
#1 C:\xampp\htdocs\myapp\system\Database\BaseConnection.php(391): CodeIgniter\Database\MySQLi\Connection->connect(false)
#2 C:\xampp\htdocs\myapp\system\Database\BaseConnection.php(574): CodeIgniter\Database\BaseConnection->initialize()
#3 C:\xampp\htdocs\myapp\system\Database\BaseBuilder.php(1616): CodeIgniter\Database\BaseConnection->query('SELECT SUM(`nom...', Array, false)
#4 C:\xampp\htdocs\myapp\app\Models\PemasukanModel.php(22): CodeIgniter\Database\BaseBuilder->get()
#5 C:\xampp\htdocs\myapp\app\Controllers\Dashboard.php(13): App\Models\PemasukanModel->sumPemasukan()
#6 C:\xampp\htdocs\myapp\system\CodeIgniter.php(934): App\Controllers\Dashboard->index()
#7 C:\xampp\htdocs\myapp\system\CodeIgniter.php(499): CodeIgniter\CodeIgniter->runController(Object(App\Controllers\Dashboard))
#8 C:\xampp\htdocs\myapp\system\CodeIgniter.php(368): CodeIgniter\CodeIgniter->handleRequest(NULL, Object(Config\Cache), false)
#9 C:\xampp\htdocs\myapp\public\index.php(67): CodeIgniter\CodeIgniter->run()
#10 {main}

Next CodeIgniter\Database\Exceptions\DatabaseException: Access denied for user ''@'localhost' (using password: NO) in C:\xampp\htdocs\myapp\system\Database\MySQLi\Connection.php:218
Stack trace:
#0 C:\xampp\htdocs\myapp\system\Database\BaseConnection.php(391): CodeIgniter\Database\MySQLi\Connection->connect(false)
#1 C:\xampp\htdocs\myapp\system\Database\BaseConnection.php(574): CodeIgniter\Database\BaseConnection->initialize()
#2 C:\xampp\htdocs\myapp\system\Database\BaseBuilder.php(1616): CodeIgniter\Database\BaseConnection->query('SELECT SUM(`nom...', Array, false)
#3 C:\xampp\htdocs\myapp\app\Models\PemasukanModel.php(22): CodeIgniter\Database\BaseBuilder->get()
#4 C:\xampp\htdocs\myapp\app\Controllers\Dashboard.php(13): App\Models\PemasukanModel->sumPemasukan()
#5 C:\xampp\htdocs\myapp\system\CodeIgniter.php(934): App\Controllers\Dashboard->index()
#6 C:\xampp\htdocs\myapp\system\CodeIgniter.php(499): CodeIgniter\CodeIgniter->runController(Object(App\Controllers\Dashboard))
#7 C:\xampp\htdocs\myapp\system\CodeIgniter.php(368): CodeIgniter\CodeIgniter->handleRequest(NULL, Object(Config\Cache), false)
#8 C:\xampp\htdocs\myapp\public\index.php(67): CodeIgniter\CodeIgniter->run()
#9 {main}
CRITICAL - 2023-07-06 11:53:01 --> Unable to connect to the database.
Main connection [MySQLi]: Access denied for user ''@'localhost' (using password: NO)
in SYSTEMPATH\Database\BaseConnection.php on line 427.
 1 SYSTEMPATH\Database\BaseConnection.php(574): CodeIgniter\Database\BaseConnection->initialize()
 2 SYSTEMPATH\Database\BaseBuilder.php(1616): CodeIgniter\Database\BaseConnection->query('SELECT SUM(`nominal_pemasukan`) AS `nominal_pemasukan`
FROM `pemasukan`', [], false)
 3 APPPATH\Models\PemasukanModel.php(22): CodeIgniter\Database\BaseBuilder->get()
 4 APPPATH\Controllers\Dashboard.php(13): App\Models\PemasukanModel->sumPemasukan()
 5 SYSTEMPATH\CodeIgniter.php(934): App\Controllers\Dashboard->index()
 6 SYSTEMPATH\CodeIgniter.php(499): CodeIgniter\CodeIgniter->runController(Object(App\Controllers\Dashboard))
 7 SYSTEMPATH\CodeIgniter.php(368): CodeIgniter\CodeIgniter->handleRequest(null, Object(Config\Cache), false)
 8 FCPATH\index.php(67): CodeIgniter\CodeIgniter->run()
ERROR - 2023-07-06 11:53:04 --> Error connecting to the database: mysqli_sql_exception: Access denied for user ''@'localhost' (using password: NO) in C:\xampp\htdocs\myapp\system\Database\MySQLi\Connection.php:174
Stack trace:
#0 C:\xampp\htdocs\myapp\system\Database\MySQLi\Connection.php(174): mysqli->real_connect('localhost', '', '', '', 3306, '', 0)
#1 C:\xampp\htdocs\myapp\system\Database\BaseConnection.php(391): CodeIgniter\Database\MySQLi\Connection->connect(false)
#2 C:\xampp\htdocs\myapp\system\Database\BaseConnection.php(574): CodeIgniter\Database\BaseConnection->initialize()
#3 C:\xampp\htdocs\myapp\system\Database\BaseBuilder.php(1616): CodeIgniter\Database\BaseConnection->query('SELECT SUM(`nom...', Array, false)
#4 C:\xampp\htdocs\myapp\app\Models\PemasukanModel.php(22): CodeIgniter\Database\BaseBuilder->get()
#5 C:\xampp\htdocs\myapp\app\Controllers\Dashboard.php(13): App\Models\PemasukanModel->sumPemasukan()
#6 C:\xampp\htdocs\myapp\system\CodeIgniter.php(934): App\Controllers\Dashboard->index()
#7 C:\xampp\htdocs\myapp\system\CodeIgniter.php(499): CodeIgniter\CodeIgniter->runController(Object(App\Controllers\Dashboard))
#8 C:\xampp\htdocs\myapp\system\CodeIgniter.php(368): CodeIgniter\CodeIgniter->handleRequest(NULL, Object(Config\Cache), false)
#9 C:\xampp\htdocs\myapp\public\index.php(67): CodeIgniter\CodeIgniter->run()
#10 {main}

Next CodeIgniter\Database\Exceptions\DatabaseException: Access denied for user ''@'localhost' (using password: NO) in C:\xampp\htdocs\myapp\system\Database\MySQLi\Connection.php:218
Stack trace:
#0 C:\xampp\htdocs\myapp\system\Database\BaseConnection.php(391): CodeIgniter\Database\MySQLi\Connection->connect(false)
#1 C:\xampp\htdocs\myapp\system\Database\BaseConnection.php(574): CodeIgniter\Database\BaseConnection->initialize()
#2 C:\xampp\htdocs\myapp\system\Database\BaseBuilder.php(1616): CodeIgniter\Database\BaseConnection->query('SELECT SUM(`nom...', Array, false)
#3 C:\xampp\htdocs\myapp\app\Models\PemasukanModel.php(22): CodeIgniter\Database\BaseBuilder->get()
#4 C:\xampp\htdocs\myapp\app\Controllers\Dashboard.php(13): App\Models\PemasukanModel->sumPemasukan()
#5 C:\xampp\htdocs\myapp\system\CodeIgniter.php(934): App\Controllers\Dashboard->index()
#6 C:\xampp\htdocs\myapp\system\CodeIgniter.php(499): CodeIgniter\CodeIgniter->runController(Object(App\Controllers\Dashboard))
#7 C:\xampp\htdocs\myapp\system\CodeIgniter.php(368): CodeIgniter\CodeIgniter->handleRequest(NULL, Object(Config\Cache), false)
#8 C:\xampp\htdocs\myapp\public\index.php(67): CodeIgniter\CodeIgniter->run()
#9 {main}
CRITICAL - 2023-07-06 11:53:04 --> Unable to connect to the database.
Main connection [MySQLi]: Access denied for user ''@'localhost' (using password: NO)
in SYSTEMPATH\Database\BaseConnection.php on line 427.
 1 SYSTEMPATH\Database\BaseConnection.php(574): CodeIgniter\Database\BaseConnection->initialize()
 2 SYSTEMPATH\Database\BaseBuilder.php(1616): CodeIgniter\Database\BaseConnection->query('SELECT SUM(`nominal_pemasukan`) AS `nominal_pemasukan`
FROM `pemasukan`', [], false)
 3 APPPATH\Models\PemasukanModel.php(22): CodeIgniter\Database\BaseBuilder->get()
 4 APPPATH\Controllers\Dashboard.php(13): App\Models\PemasukanModel->sumPemasukan()
 5 SYSTEMPATH\CodeIgniter.php(934): App\Controllers\Dashboard->index()
 6 SYSTEMPATH\CodeIgniter.php(499): CodeIgniter\CodeIgniter->runController(Object(App\Controllers\Dashboard))
 7 SYSTEMPATH\CodeIgniter.php(368): CodeIgniter\CodeIgniter->handleRequest(null, Object(Config\Cache), false)
 8 FCPATH\index.php(67): CodeIgniter\CodeIgniter->run()
ERROR - 2023-07-06 11:54:30 --> Error connecting to the database: mysqli_sql_exception: Access denied for user 'myapp'@'localhost' (using password: NO) in C:\xampp\htdocs\myapp\system\Database\MySQLi\Connection.php:174
Stack trace:
#0 C:\xampp\htdocs\myapp\system\Database\MySQLi\Connection.php(174): mysqli->real_connect('localhost', 'myapp', '', 'ci4', 3306, '', 0)
#1 C:\xampp\htdocs\myapp\system\Database\BaseConnection.php(391): CodeIgniter\Database\MySQLi\Connection->connect(false)
#2 C:\xampp\htdocs\myapp\system\Database\BaseConnection.php(574): CodeIgniter\Database\BaseConnection->initialize()
#3 C:\xampp\htdocs\myapp\system\Database\BaseBuilder.php(1616): CodeIgniter\Database\BaseConnection->query('SELECT SUM(`nom...', Array, false)
#4 C:\xampp\htdocs\myapp\app\Models\PemasukanModel.php(22): CodeIgniter\Database\BaseBuilder->get()
#5 C:\xampp\htdocs\myapp\app\Controllers\Dashboard.php(13): App\Models\PemasukanModel->sumPemasukan()
#6 C:\xampp\htdocs\myapp\system\CodeIgniter.php(934): App\Controllers\Dashboard->index()
#7 C:\xampp\htdocs\myapp\system\CodeIgniter.php(499): CodeIgniter\CodeIgniter->runController(Object(App\Controllers\Dashboard))
#8 C:\xampp\htdocs\myapp\system\CodeIgniter.php(368): CodeIgniter\CodeIgniter->handleRequest(NULL, Object(Config\Cache), false)
#9 C:\xampp\htdocs\myapp\public\index.php(67): CodeIgniter\CodeIgniter->run()
#10 {main}

Next CodeIgniter\Database\Exceptions\DatabaseException: Access denied for user '****'@'localhost' (using password: NO) in C:\xampp\htdocs\myapp\system\Database\MySQLi\Connection.php:218
Stack trace:
#0 C:\xampp\htdocs\myapp\system\Database\BaseConnection.php(391): CodeIgniter\Database\MySQLi\Connection->connect(false)
#1 C:\xampp\htdocs\myapp\system\Database\BaseConnection.php(574): CodeIgniter\Database\BaseConnection->initialize()
#2 C:\xampp\htdocs\myapp\system\Database\BaseBuilder.php(1616): CodeIgniter\Database\BaseConnection->query('SELECT SUM(`nom...', Array, false)
#3 C:\xampp\htdocs\myapp\app\Models\PemasukanModel.php(22): CodeIgniter\Database\BaseBuilder->get()
#4 C:\xampp\htdocs\myapp\app\Controllers\Dashboard.php(13): App\Models\PemasukanModel->sumPemasukan()
#5 C:\xampp\htdocs\myapp\system\CodeIgniter.php(934): App\Controllers\Dashboard->index()
#6 C:\xampp\htdocs\myapp\system\CodeIgniter.php(499): CodeIgniter\CodeIgniter->runController(Object(App\Controllers\Dashboard))
#7 C:\xampp\htdocs\myapp\system\CodeIgniter.php(368): CodeIgniter\CodeIgniter->handleRequest(NULL, Object(Config\Cache), false)
#8 C:\xampp\htdocs\myapp\public\index.php(67): CodeIgniter\CodeIgniter->run()
#9 {main}
CRITICAL - 2023-07-06 11:54:30 --> Unable to connect to the database.
Main connection [MySQLi]: Access denied for user '****'@'localhost' (using password: NO)
in SYSTEMPATH\Database\BaseConnection.php on line 427.
 1 SYSTEMPATH\Database\BaseConnection.php(574): CodeIgniter\Database\BaseConnection->initialize()
 2 SYSTEMPATH\Database\BaseBuilder.php(1616): CodeIgniter\Database\BaseConnection->query('SELECT SUM(`nominal_pemasukan`) AS `nominal_pemasukan`
FROM `pemasukan`', [], false)
 3 APPPATH\Models\PemasukanModel.php(22): CodeIgniter\Database\BaseBuilder->get()
 4 APPPATH\Controllers\Dashboard.php(13): App\Models\PemasukanModel->sumPemasukan()
 5 SYSTEMPATH\CodeIgniter.php(934): App\Controllers\Dashboard->index()
 6 SYSTEMPATH\CodeIgniter.php(499): CodeIgniter\CodeIgniter->runController(Object(App\Controllers\Dashboard))
 7 SYSTEMPATH\CodeIgniter.php(368): CodeIgniter\CodeIgniter->handleRequest(null, Object(Config\Cache), false)
 8 FCPATH\index.php(67): CodeIgniter\CodeIgniter->run()
INFO - 2023-07-06 11:57:20 --> Session: Class initialized using 'CodeIgniter\Session\Handlers\FileHandler' driver.
CRITICAL - 2023-07-06 11:57:20 --> Trying to access array offset on value of type null
in APPPATH\Views\pemasukan.php on line 37.
 1 APPPATH\Views\pemasukan.php(37): CodeIgniter\Debug\Exceptions->errorHandler(2, 'Trying to access array offset on value of type null', 'C:\\xampp\\htdocs\\myapp\\app\\Views\\pemasukan.php', 37)
 2 SYSTEMPATH\View\View.php(213): include('C:\\xampp\\htdocs\\myapp\\app\\Views\\pemasukan.php')
 3 SYSTEMPATH\View\View.php(216): CodeIgniter\View\View->CodeIgniter\View\{closure}()
 4 SYSTEMPATH\Common.php(1184): CodeIgniter\View\View->render('pemasukan', [], true)
 5 APPPATH\Controllers\Pemasukan.php(17): view('pemasukan', [...])
 6 SYSTEMPATH\CodeIgniter.php(934): App\Controllers\Pemasukan->index()
 7 SYSTEMPATH\CodeIgniter.php(499): CodeIgniter\CodeIgniter->runController(Object(App\Controllers\Pemasukan))
 8 SYSTEMPATH\CodeIgniter.php(368): CodeIgniter\CodeIgniter->handleRequest(null, Object(Config\Cache), false)
 9 FCPATH\index.php(67): CodeIgniter\CodeIgniter->run()
INFO - 2023-07-06 11:58:36 --> Session: Class initialized using 'CodeIgniter\Session\Handlers\FileHandler' driver.
INFO - 2023-07-06 11:58:40 --> Session: Class initialized using 'CodeIgniter\Session\Handlers\FileHandler' driver.
INFO - 2023-07-06 11:58:49 --> Session: Class initialized using 'CodeIgniter\Session\Handlers\FileHandler' driver.
INFO - 2023-07-06 11:59:03 --> Session: Class initialized using 'CodeIgniter\Session\Handlers\FileHandler' driver.
INFO - 2023-07-06 11:59:07 --> Session: Class initialized using 'CodeIgniter\Session\Handlers\FileHandler' driver.
INFO - 2023-07-06 11:59:25 --> Session: Class initialized using 'CodeIgniter\Session\Handlers\FileHandler' driver.
INFO - 2023-07-06 11:59:28 --> Session: Class initialized using 'CodeIgniter\Session\Handlers\FileHandler' driver.
INFO - 2023-07-06 11:59:55 --> Session: Class initialized using 'CodeIgniter\Session\Handlers\FileHandler' driver.
INFO - 2023-07-06 12:00:05 --> Session: Class initialized using 'CodeIgniter\Session\Handlers\FileHandler' driver.
INFO - 2023-07-06 12:00:10 --> Session: Class initialized using 'CodeIgniter\Session\Handlers\FileHandler' driver.
INFO - 2023-07-06 12:01:36 --> Session: Class initialized using 'CodeIgniter\Session\Handlers\FileHandler' driver.
INFO - 2023-07-06 12:03:45 --> Session: Class initialized using 'CodeIgniter\Session\Handlers\FileHandler' driver.
INFO - 2023-07-06 12:04:03 --> Session: Class initialized using 'CodeIgniter\Session\Handlers\FileHandler' driver.
INFO - 2023-07-06 12:04:08 --> Session: Class initialized using 'CodeIgniter\Session\Handlers\FileHandler' driver.
CRITICAL - 2023-07-06 16:36:44 --> The framework needs the following extension(s) installed and loaded: intl.
in SYSTEMPATH\CodeIgniter.php on line 226.
 1 SYSTEMPATH\CodeIgniter.php(226): CodeIgniter\Exceptions\FrameworkException::forMissingExtension('intl')
 2 SYSTEMPATH\CodeIgniter.php(190): CodeIgniter\CodeIgniter->resolvePlatformExtensions()
 3 FCPATH\index.php(55): CodeIgniter\CodeIgniter->initialize()
ERROR - 2023-07-06 14:42:09 --> Error connecting to the database: mysqli_sql_exception: Unknown database 'myapp' in C:\xampp\htdocs\myapp\system\Database\MySQLi\Connection.php:174
Stack trace:
#0 C:\xampp\htdocs\myapp\system\Database\MySQLi\Connection.php(174): mysqli->real_connect('localhost', 'root', '', 'myapp', 3306, '', 0)
#1 C:\xampp\htdocs\myapp\system\Database\BaseConnection.php(391): CodeIgniter\Database\MySQLi\Connection->connect(false)
#2 C:\xampp\htdocs\myapp\system\Database\BaseConnection.php(574): CodeIgniter\Database\BaseConnection->initialize()
#3 C:\xampp\htdocs\myapp\system\Database\BaseBuilder.php(1616): CodeIgniter\Database\BaseConnection->query('SELECT SUM(`nom...', Array, false)
#4 C:\xampp\htdocs\myapp\app\Models\PemasukanModel.php(22): CodeIgniter\Database\BaseBuilder->get()
#5 C:\xampp\htdocs\myapp\app\Controllers\Dashboard.php(13): App\Models\PemasukanModel->sumPemasukan()
#6 C:\xampp\htdocs\myapp\system\CodeIgniter.php(934): App\Controllers\Dashboard->index()
#7 C:\xampp\htdocs\myapp\system\CodeIgniter.php(499): CodeIgniter\CodeIgniter->runController(Object(App\Controllers\Dashboard))
#8 C:\xampp\htdocs\myapp\system\CodeIgniter.php(368): CodeIgniter\CodeIgniter->handleRequest(NULL, Object(Config\Cache), false)
#9 C:\xampp\htdocs\myapp\public\index.php(67): CodeIgniter\CodeIgniter->run()
#10 {main}

Next CodeIgniter\Database\Exceptions\DatabaseException: Unknown database 'myapp' in C:\xampp\htdocs\myapp\system\Database\MySQLi\Connection.php:218
Stack trace:
#0 C:\xampp\htdocs\myapp\system\Database\BaseConnection.php(391): CodeIgniter\Database\MySQLi\Connection->connect(false)
#1 C:\xampp\htdocs\myapp\system\Database\BaseConnection.php(574): CodeIgniter\Database\BaseConnection->initialize()
#2 C:\xampp\htdocs\myapp\system\Database\BaseBuilder.php(1616): CodeIgniter\Database\BaseConnection->query('SELECT SUM(`nom...', Array, false)
#3 C:\xampp\htdocs\myapp\app\Models\PemasukanModel.php(22): CodeIgniter\Database\BaseBuilder->get()
#4 C:\xampp\htdocs\myapp\app\Controllers\Dashboard.php(13): App\Models\PemasukanModel->sumPemasukan()
#5 C:\xampp\htdocs\myapp\system\CodeIgniter.php(934): App\Controllers\Dashboard->index()
#6 C:\xampp\htdocs\myapp\system\CodeIgniter.php(499): CodeIgniter\CodeIgniter->runController(Object(App\Controllers\Dashboard))
#7 C:\xampp\htdocs\myapp\system\CodeIgniter.php(368): CodeIgniter\CodeIgniter->handleRequest(NULL, Object(Config\Cache), false)
#8 C:\xampp\htdocs\myapp\public\index.php(67): CodeIgniter\CodeIgniter->run()
#9 {main}
CRITICAL - 2023-07-06 14:42:09 --> Unable to connect to the database.
Main connection [MySQLi]: Unknown database 'myapp'
in SYSTEMPATH\Database\BaseConnection.php on line 427.
 1 SYSTEMPATH\Database\BaseConnection.php(574): CodeIgniter\Database\BaseConnection->initialize()
 2 SYSTEMPATH\Database\BaseBuilder.php(1616): CodeIgniter\Database\BaseConnection->query('SELECT SUM(`nominal_pemasukan`) AS `nominal_pemasukan`
FROM `pemasukan`', [], false)
 3 APPPATH\Models\PemasukanModel.php(22): CodeIgniter\Database\BaseBuilder->get()
 4 APPPATH\Controllers\Dashboard.php(13): App\Models\PemasukanModel->sumPemasukan()
 5 SYSTEMPATH\CodeIgniter.php(934): App\Controllers\Dashboard->index()
 6 SYSTEMPATH\CodeIgniter.php(499): CodeIgniter\CodeIgniter->runController(Object(App\Controllers\Dashboard))
 7 SYSTEMPATH\CodeIgniter.php(368): CodeIgniter\CodeIgniter->handleRequest(null, Object(Config\Cache), false)
 8 FCPATH\index.php(67): CodeIgniter\CodeIgniter->run()
ERROR - 2023-07-06 14:42:11 --> Error connecting to the database: mysqli_sql_exception: Unknown database 'myapp' in C:\xampp\htdocs\myapp\system\Database\MySQLi\Connection.php:174
Stack trace:
#0 C:\xampp\htdocs\myapp\system\Database\MySQLi\Connection.php(174): mysqli->real_connect('localhost', 'root', '', 'myapp', 3306, '', 0)
#1 C:\xampp\htdocs\myapp\system\Database\BaseConnection.php(391): CodeIgniter\Database\MySQLi\Connection->connect(false)
#2 C:\xampp\htdocs\myapp\system\Database\BaseConnection.php(574): CodeIgniter\Database\BaseConnection->initialize()
#3 C:\xampp\htdocs\myapp\system\Database\BaseBuilder.php(1616): CodeIgniter\Database\BaseConnection->query('SELECT SUM(`nom...', Array, false)
#4 C:\xampp\htdocs\myapp\app\Models\PemasukanModel.php(22): CodeIgniter\Database\BaseBuilder->get()
#5 C:\xampp\htdocs\myapp\app\Controllers\Dashboard.php(13): App\Models\PemasukanModel->sumPemasukan()
#6 C:\xampp\htdocs\myapp\system\CodeIgniter.php(934): App\Controllers\Dashboard->index()
#7 C:\xampp\htdocs\myapp\system\CodeIgniter.php(499): CodeIgniter\CodeIgniter->runController(Object(App\Controllers\Dashboard))
#8 C:\xampp\htdocs\myapp\system\CodeIgniter.php(368): CodeIgniter\CodeIgniter->handleRequest(NULL, Object(Config\Cache), false)
#9 C:\xampp\htdocs\myapp\public\index.php(67): CodeIgniter\CodeIgniter->run()
#10 {main}

Next CodeIgniter\Database\Exceptions\DatabaseException: Unknown database 'myapp' in C:\xampp\htdocs\myapp\system\Database\MySQLi\Connection.php:218
Stack trace:
#0 C:\xampp\htdocs\myapp\system\Database\BaseConnection.php(391): CodeIgniter\Database\MySQLi\Connection->connect(false)
#1 C:\xampp\htdocs\myapp\system\Database\BaseConnection.php(574): CodeIgniter\Database\BaseConnection->initialize()
#2 C:\xampp\htdocs\myapp\system\Database\BaseBuilder.php(1616): CodeIgniter\Database\BaseConnection->query('SELECT SUM(`nom...', Array, false)
#3 C:\xampp\htdocs\myapp\app\Models\PemasukanModel.php(22): CodeIgniter\Database\BaseBuilder->get()
#4 C:\xampp\htdocs\myapp\app\Controllers\Dashboard.php(13): App\Models\PemasukanModel->sumPemasukan()
#5 C:\xampp\htdocs\myapp\system\CodeIgniter.php(934): App\Controllers\Dashboard->index()
#6 C:\xampp\htdocs\myapp\system\CodeIgniter.php(499): CodeIgniter\CodeIgniter->runController(Object(App\Controllers\Dashboard))
#7 C:\xampp\htdocs\myapp\system\CodeIgniter.php(368): CodeIgniter\CodeIgniter->handleRequest(NULL, Object(Config\Cache), false)
#8 C:\xampp\htdocs\myapp\public\index.php(67): CodeIgniter\CodeIgniter->run()
#9 {main}
CRITICAL - 2023-07-06 14:42:11 --> Unable to connect to the database.
Main connection [MySQLi]: Unknown database 'myapp'
in SYSTEMPATH\Database\BaseConnection.php on line 427.
 1 SYSTEMPATH\Database\BaseConnection.php(574): CodeIgniter\Database\BaseConnection->initialize()
 2 SYSTEMPATH\Database\BaseBuilder.php(1616): CodeIgniter\Database\BaseConnection->query('SELECT SUM(`nominal_pemasukan`) AS `nominal_pemasukan`
FROM `pemasukan`', [], false)
 3 APPPATH\Models\PemasukanModel.php(22): CodeIgniter\Database\BaseBuilder->get()
 4 APPPATH\Controllers\Dashboard.php(13): App\Models\PemasukanModel->sumPemasukan()
 5 SYSTEMPATH\CodeIgniter.php(934): App\Controllers\Dashboard->index()
 6 SYSTEMPATH\CodeIgniter.php(499): CodeIgniter\CodeIgniter->runController(Object(App\Controllers\Dashboard))
 7 SYSTEMPATH\CodeIgniter.php(368): CodeIgniter\CodeIgniter->handleRequest(null, Object(Config\Cache), false)
 8 FCPATH\index.php(67): CodeIgniter\CodeIgniter->run()
INFO - 2023-07-06 21:59:35 --> Session: Class initialized using 'CodeIgniter\Session\Handlers\FileHandler' driver.
INFO - 2023-07-06 22:04:39 --> Session: Class initialized using 'CodeIgniter\Session\Handlers\FileHandler' driver.
INFO - 2023-07-06 22:18:53 --> Session: Class initialized using 'CodeIgniter\Session\Handlers\FileHandler' driver.
CRITICAL - 2023-07-06 22:18:53 --> Trying to access array offset on value of type null
in APPPATH\Views\pengeluaran.php on line 37.
 1 APPPATH\Views\pengeluaran.php(37): CodeIgniter\Debug\Exceptions->errorHandler(8, 'Trying to access array offset on value of type null', 'C:\\xampp\\htdocs\\myapp\\app\\Views\\pengeluaran.php', 37, [...])
 2 SYSTEMPATH\View\View.php(213): include('C:\\xampp\\htdocs\\myapp\\app\\Views\\pengeluaran.php')
 3 SYSTEMPATH\View\View.php(216): CodeIgniter\View\View->CodeIgniter\View\{closure}()
 4 SYSTEMPATH\Common.php(1184): CodeIgniter\View\View->render('pengeluaran', [], true)
 5 APPPATH\Controllers\Pengeluaran.php(17): view('pengeluaran', [...])
 6 SYSTEMPATH\CodeIgniter.php(934): App\Controllers\pengeluaran->index()
 7 SYSTEMPATH\CodeIgniter.php(499): CodeIgniter\CodeIgniter->runController(Object(App\Controllers\pengeluaran))
 8 SYSTEMPATH\CodeIgniter.php(368): CodeIgniter\CodeIgniter->handleRequest(null, Object(Config\Cache), false)
 9 FCPATH\index.php(67): CodeIgniter\CodeIgniter->run()
INFO - 2023-07-06 22:28:01 --> Session: Class initialized using 'CodeIgniter\Session\Handlers\FileHandler' driver.
CRITICAL - 2023-07-06 22:28:01 --> Trying to access array offset on value of type null
in APPPATH\Views\pengeluaran.php on line 37.
 1 APPPATH\Views\pengeluaran.php(37): CodeIgniter\Debug\Exceptions->errorHandler(8, 'Trying to access array offset on value of type null', 'C:\\xampp\\htdocs\\myapp\\app\\Views\\pengeluaran.php', 37, [...])
 2 SYSTEMPATH\View\View.php(213): include('C:\\xampp\\htdocs\\myapp\\app\\Views\\pengeluaran.php')
 3 SYSTEMPATH\View\View.php(216): CodeIgniter\View\View->CodeIgniter\View\{closure}()
 4 SYSTEMPATH\Common.php(1184): CodeIgniter\View\View->render('pengeluaran', [], true)
 5 APPPATH\Controllers\Pengeluaran.php(17): view('pengeluaran', [...])
 6 SYSTEMPATH\CodeIgniter.php(934): App\Controllers\pengeluaran->index()
 7 SYSTEMPATH\CodeIgniter.php(499): CodeIgniter\CodeIgniter->runController(Object(App\Controllers\pengeluaran))
 8 SYSTEMPATH\CodeIgniter.php(368): CodeIgniter\CodeIgniter->handleRequest(null, Object(Config\Cache), false)
 9 FCPATH\index.php(67): CodeIgniter\CodeIgniter->run()
INFO - 2023-07-06 22:28:54 --> Session: Class initialized using 'CodeIgniter\Session\Handlers\FileHandler' driver.
CRITICAL - 2023-07-06 22:28:54 --> Trying to access array offset on value of type null
in APPPATH\Views\pengeluaran.php on line 37.
 1 APPPATH\Views\pengeluaran.php(37): CodeIgniter\Debug\Exceptions->errorHandler(8, 'Trying to access array offset on value of type null', 'C:\\xampp\\htdocs\\myapp\\app\\Views\\pengeluaran.php', 37, [...])
 2 SYSTEMPATH\View\View.php(213): include('C:\\xampp\\htdocs\\myapp\\app\\Views\\pengeluaran.php')
 3 SYSTEMPATH\View\View.php(216): CodeIgniter\View\View->CodeIgniter\View\{closure}()
 4 SYSTEMPATH\Common.php(1184): CodeIgniter\View\View->render('pengeluaran', [], true)
 5 APPPATH\Controllers\Pengeluaran.php(17): view('pengeluaran', [...])
 6 SYSTEMPATH\CodeIgniter.php(934): App\Controllers\pengeluaran->index()
 7 SYSTEMPATH\CodeIgniter.php(499): CodeIgniter\CodeIgniter->runController(Object(App\Controllers\pengeluaran))
 8 SYSTEMPATH\CodeIgniter.php(368): CodeIgniter\CodeIgniter->handleRequest(null, Object(Config\Cache), false)
 9 FCPATH\index.php(67): CodeIgniter\CodeIgniter->run()
INFO - 2023-07-06 22:29:10 --> Session: Class initialized using 'CodeIgniter\Session\Handlers\FileHandler' driver.
CRITICAL - 2023-07-06 22:29:10 --> Undefined variable: KategoriModel
in APPPATH\Views\pengeluaran.php on line 37.
 1 APPPATH\Views\pengeluaran.php(37): CodeIgniter\Debug\Exceptions->errorHandler(8, 'Undefined variable: KategoriModel', 'C:\\xampp\\htdocs\\myapp\\app\\Views\\pengeluaran.php', 37, [...])
 2 SYSTEMPATH\View\View.php(213): include('C:\\xampp\\htdocs\\myapp\\app\\Views\\pengeluaran.php')
 3 SYSTEMPATH\View\View.php(216): CodeIgniter\View\View->CodeIgniter\View\{closure}()
 4 SYSTEMPATH\Common.php(1184): CodeIgniter\View\View->render('pengeluaran', [], true)
 5 APPPATH\Controllers\Pengeluaran.php(17): view('pengeluaran', [...])
 6 SYSTEMPATH\CodeIgniter.php(934): App\Controllers\pengeluaran->index()
 7 SYSTEMPATH\CodeIgniter.php(499): CodeIgniter\CodeIgniter->runController(Object(App\Controllers\pengeluaran))
 8 SYSTEMPATH\CodeIgniter.php(368): CodeIgniter\CodeIgniter->handleRequest(null, Object(Config\Cache), false)
 9 FCPATH\index.php(67): CodeIgniter\CodeIgniter->run()
INFO - 2023-07-06 22:30:09 --> Session: Class initialized using 'CodeIgniter\Session\Handlers\FileHandler' driver.
CRITICAL - 2023-07-06 22:30:09 --> Trying to access array offset on value of type null
in APPPATH\Views\pengeluaran.php on line 37.
 1 APPPATH\Views\pengeluaran.php(37): CodeIgniter\Debug\Exceptions->errorHandler(8, 'Trying to access array offset on value of type null', 'C:\\xampp\\htdocs\\myapp\\app\\Views\\pengeluaran.php', 37, [...])
 2 SYSTEMPATH\View\View.php(213): include('C:\\xampp\\htdocs\\myapp\\app\\Views\\pengeluaran.php')
 3 SYSTEMPATH\View\View.php(216): CodeIgniter\View\View->CodeIgniter\View\{closure}()
 4 SYSTEMPATH\Common.php(1184): CodeIgniter\View\View->render('pengeluaran', [], true)
 5 APPPATH\Controllers\Pengeluaran.php(17): view('pengeluaran', [...])
 6 SYSTEMPATH\CodeIgniter.php(934): App\Controllers\pengeluaran->index()
 7 SYSTEMPATH\CodeIgniter.php(499): CodeIgniter\CodeIgniter->runController(Object(App\Controllers\pengeluaran))
 8 SYSTEMPATH\CodeIgniter.php(368): CodeIgniter\CodeIgniter->handleRequest(null, Object(Config\Cache), false)
 9 FCPATH\index.php(67): CodeIgniter\CodeIgniter->run()
INFO - 2023-07-06 22:30:40 --> Session: Class initialized using 'CodeIgniter\Session\Handlers\FileHandler' driver.
CRITICAL - 2023-07-06 22:30:40 --> Undefined variable: Pengeluaran
in APPPATH\Views\pengeluaran.php on line 37.
 1 APPPATH\Views\pengeluaran.php(37): CodeIgniter\Debug\Exceptions->errorHandler(8, 'Undefined variable: Pengeluaran', 'C:\\xampp\\htdocs\\myapp\\app\\Views\\pengeluaran.php', 37, [...])
 2 SYSTEMPATH\View\View.php(213): include('C:\\xampp\\htdocs\\myapp\\app\\Views\\pengeluaran.php')
 3 SYSTEMPATH\View\View.php(216): CodeIgniter\View\View->CodeIgniter\View\{closure}()
 4 SYSTEMPATH\Common.php(1184): CodeIgniter\View\View->render('pengeluaran', [], true)
 5 APPPATH\Controllers\Pengeluaran.php(17): view('pengeluaran', [...])
 6 SYSTEMPATH\CodeIgniter.php(934): App\Controllers\pengeluaran->index()
 7 SYSTEMPATH\CodeIgniter.php(499): CodeIgniter\CodeIgniter->runController(Object(App\Controllers\pengeluaran))
 8 SYSTEMPATH\CodeIgniter.php(368): CodeIgniter\CodeIgniter->handleRequest(null, Object(Config\Cache), false)
 9 FCPATH\index.php(67): CodeIgniter\CodeIgniter->run()
INFO - 2023-07-06 22:31:28 --> Session: Class initialized using 'CodeIgniter\Session\Handlers\FileHandler' driver.
CRITICAL - 2023-07-06 22:31:28 --> Trying to access array offset on value of type null
in APPPATH\Views\pengeluaran.php on line 37.
 1 APPPATH\Views\pengeluaran.php(37): CodeIgniter\Debug\Exceptions->errorHandler(8, 'Trying to access array offset on value of type null', 'C:\\xampp\\htdocs\\myapp\\app\\Views\\pengeluaran.php', 37, [...])
 2 SYSTEMPATH\View\View.php(213): include('C:\\xampp\\htdocs\\myapp\\app\\Views\\pengeluaran.php')
 3 SYSTEMPATH\View\View.php(216): CodeIgniter\View\View->CodeIgniter\View\{closure}()
 4 SYSTEMPATH\Common.php(1184): CodeIgniter\View\View->render('pengeluaran', [], true)
 5 APPPATH\Controllers\Pengeluaran.php(17): view('pengeluaran', [...])
 6 SYSTEMPATH\CodeIgniter.php(934): App\Controllers\pengeluaran->index()
 7 SYSTEMPATH\CodeIgniter.php(499): CodeIgniter\CodeIgniter->runController(Object(App\Controllers\pengeluaran))
 8 SYSTEMPATH\CodeIgniter.php(368): CodeIgniter\CodeIgniter->handleRequest(null, Object(Config\Cache), false)
 9 FCPATH\index.php(67): CodeIgniter\CodeIgniter->run()
INFO - 2023-07-06 22:32:33 --> Session: Class initialized using 'CodeIgniter\Session\Handlers\FileHandler' driver.
CRITICAL - 2023-07-06 22:32:33 --> Trying to access array offset on value of type null
in APPPATH\Views\pengeluaran.php on line 37.
 1 APPPATH\Views\pengeluaran.php(37): CodeIgniter\Debug\Exceptions->errorHandler(8, 'Trying to access array offset on value of type null', 'C:\\xampp\\htdocs\\myapp\\app\\Views\\pengeluaran.php', 37, [...])
 2 SYSTEMPATH\View\View.php(213): include('C:\\xampp\\htdocs\\myapp\\app\\Views\\pengeluaran.php')
 3 SYSTEMPATH\View\View.php(216): CodeIgniter\View\View->CodeIgniter\View\{closure}()
 4 SYSTEMPATH\Common.php(1184): CodeIgniter\View\View->render('pengeluaran', [], true)
 5 APPPATH\Controllers\Pengeluaran.php(17): view('pengeluaran', [...])
 6 SYSTEMPATH\CodeIgniter.php(934): App\Controllers\pengeluaran->index()
 7 SYSTEMPATH\CodeIgniter.php(499): CodeIgniter\CodeIgniter->runController(Object(App\Controllers\pengeluaran))
 8 SYSTEMPATH\CodeIgniter.php(368): CodeIgniter\CodeIgniter->handleRequest(null, Object(Config\Cache), false)
 9 FCPATH\index.php(67): CodeIgniter\CodeIgniter->run()
INFO - 2023-07-06 22:45:24 --> Session: Class initialized using 'CodeIgniter\Session\Handlers\FileHandler' driver.
CRITICAL - 2023-07-06 22:45:24 --> Trying to access array offset on value of type null
in APPPATH\Views\pengeluaran.php on line 37.
 1 APPPATH\Views\pengeluaran.php(37): CodeIgniter\Debug\Exceptions->errorHandler(8, 'Trying to access array offset on value of type null', 'C:\\xampp\\htdocs\\myapp\\app\\Views\\pengeluaran.php', 37, [...])
 2 SYSTEMPATH\View\View.php(213): include('C:\\xampp\\htdocs\\myapp\\app\\Views\\pengeluaran.php')
 3 SYSTEMPATH\View\View.php(216): CodeIgniter\View\View->CodeIgniter\View\{closure}()
 4 SYSTEMPATH\Common.php(1184): CodeIgniter\View\View->render('pengeluaran', [], true)
 5 APPPATH\Controllers\Pengeluaran.php(17): view('pengeluaran', [...])
 6 SYSTEMPATH\CodeIgniter.php(934): App\Controllers\pengeluaran->index()
 7 SYSTEMPATH\CodeIgniter.php(499): CodeIgniter\CodeIgniter->runController(Object(App\Controllers\pengeluaran))
 8 SYSTEMPATH\CodeIgniter.php(368): CodeIgniter\CodeIgniter->handleRequest(null, Object(Config\Cache), false)
 9 FCPATH\index.php(67): CodeIgniter\CodeIgniter->run()
INFO - 2023-07-06 22:45:25 --> Session: Class initialized using 'CodeIgniter\Session\Handlers\FileHandler' driver.
CRITICAL - 2023-07-06 22:45:25 --> Trying to access array offset on value of type null
in APPPATH\Views\pengeluaran.php on line 37.
 1 APPPATH\Views\pengeluaran.php(37): CodeIgniter\Debug\Exceptions->errorHandler(8, 'Trying to access array offset on value of type null', 'C:\\xampp\\htdocs\\myapp\\app\\Views\\pengeluaran.php', 37, [...])
 2 SYSTEMPATH\View\View.php(213): include('C:\\xampp\\htdocs\\myapp\\app\\Views\\pengeluaran.php')
 3 SYSTEMPATH\View\View.php(216): CodeIgniter\View\View->CodeIgniter\View\{closure}()
 4 SYSTEMPATH\Common.php(1184): CodeIgniter\View\View->render('pengeluaran', [], true)
 5 APPPATH\Controllers\Pengeluaran.php(17): view('pengeluaran', [...])
 6 SYSTEMPATH\CodeIgniter.php(934): App\Controllers\pengeluaran->index()
 7 SYSTEMPATH\CodeIgniter.php(499): CodeIgniter\CodeIgniter->runController(Object(App\Controllers\pengeluaran))
 8 SYSTEMPATH\CodeIgniter.php(368): CodeIgniter\CodeIgniter->handleRequest(null, Object(Config\Cache), false)
 9 FCPATH\index.php(67): CodeIgniter\CodeIgniter->run()
INFO - 2023-07-06 22:51:44 --> Session: Class initialized using 'CodeIgniter\Session\Handlers\FileHandler' driver.
CRITICAL - 2023-07-06 22:51:44 --> Trying to access array offset on value of type null
in APPPATH\Views\pengeluaran.php on line 37.
 1 APPPATH\Views\pengeluaran.php(37): CodeIgniter\Debug\Exceptions->errorHandler(8, 'Trying to access array offset on value of type null', 'C:\\xampp\\htdocs\\myapp\\app\\Views\\pengeluaran.php', 37, [...])
 2 SYSTEMPATH\View\View.php(213): include('C:\\xampp\\htdocs\\myapp\\app\\Views\\pengeluaran.php')
 3 SYSTEMPATH\View\View.php(216): CodeIgniter\View\View->CodeIgniter\View\{closure}()
 4 SYSTEMPATH\Common.php(1184): CodeIgniter\View\View->render('pengeluaran', [], true)
 5 APPPATH\Controllers\Pengeluaran.php(17): view('pengeluaran', [...])
 6 SYSTEMPATH\CodeIgniter.php(934): App\Controllers\pengeluaran->index()
 7 SYSTEMPATH\CodeIgniter.php(499): CodeIgniter\CodeIgniter->runController(Object(App\Controllers\pengeluaran))
 8 SYSTEMPATH\CodeIgniter.php(368): CodeIgniter\CodeIgniter->handleRequest(null, Object(Config\Cache), false)
 9 FCPATH\index.php(67): CodeIgniter\CodeIgniter->run()
INFO - 2023-07-06 22:51:45 --> Session: Class initialized using 'CodeIgniter\Session\Handlers\FileHandler' driver.
CRITICAL - 2023-07-06 22:51:45 --> Trying to access array offset on value of type null
in APPPATH\Views\pengeluaran.php on line 37.
 1 APPPATH\Views\pengeluaran.php(37): CodeIgniter\Debug\Exceptions->errorHandler(8, 'Trying to access array offset on value of type null', 'C:\\xampp\\htdocs\\myapp\\app\\Views\\pengeluaran.php', 37, [...])
 2 SYSTEMPATH\View\View.php(213): include('C:\\xampp\\htdocs\\myapp\\app\\Views\\pengeluaran.php')
 3 SYSTEMPATH\View\View.php(216): CodeIgniter\View\View->CodeIgniter\View\{closure}()
 4 SYSTEMPATH\Common.php(1184): CodeIgniter\View\View->render('pengeluaran', [], true)
 5 APPPATH\Controllers\Pengeluaran.php(17): view('pengeluaran', [...])
 6 SYSTEMPATH\CodeIgniter.php(934): App\Controllers\pengeluaran->index()
 7 SYSTEMPATH\CodeIgniter.php(499): CodeIgniter\CodeIgniter->runController(Object(App\Controllers\pengeluaran))
 8 SYSTEMPATH\CodeIgniter.php(368): CodeIgniter\CodeIgniter->handleRequest(null, Object(Config\Cache), false)
 9 FCPATH\index.php(67): CodeIgniter\CodeIgniter->run()
INFO - 2023-07-06 23:00:31 --> Session: Class initialized using 'CodeIgniter\Session\Handlers\FileHandler' driver.
CRITICAL - 2023-07-06 23:00:31 --> Trying to access array offset on value of type null
in APPPATH\Views\pengeluaran.php on line 37.
 1 APPPATH\Views\pengeluaran.php(37): CodeIgniter\Debug\Exceptions->errorHandler(8, 'Trying to access array offset on value of type null', 'C:\\xampp\\htdocs\\myapp\\app\\Views\\pengeluaran.php', 37, [...])
 2 SYSTEMPATH\View\View.php(213): include('C:\\xampp\\htdocs\\myapp\\app\\Views\\pengeluaran.php')
 3 SYSTEMPATH\View\View.php(216): CodeIgniter\View\View->CodeIgniter\View\{closure}()
 4 SYSTEMPATH\Common.php(1184): CodeIgniter\View\View->render('pengeluaran', [], true)
 5 APPPATH\Controllers\Pengeluaran.php(17): view('pengeluaran', [...])
 6 SYSTEMPATH\CodeIgniter.php(934): App\Controllers\pengeluaran->index()
 7 SYSTEMPATH\CodeIgniter.php(499): CodeIgniter\CodeIgniter->runController(Object(App\Controllers\pengeluaran))
 8 SYSTEMPATH\CodeIgniter.php(368): CodeIgniter\CodeIgniter->handleRequest(null, Object(Config\Cache), false)
 9 FCPATH\index.php(67): CodeIgniter\CodeIgniter->run()
INFO - 2023-07-06 23:00:33 --> Session: Class initialized using 'CodeIgniter\Session\Handlers\FileHandler' driver.
INFO - 2023-07-06 23:00:39 --> Session: Class initialized using 'CodeIgniter\Session\Handlers\FileHandler' driver.
CRITICAL - 2023-07-06 23:00:39 --> Trying to access array offset on value of type null
in APPPATH\Views\pengeluaran.php on line 37.
 1 APPPATH\Views\pengeluaran.php(37): CodeIgniter\Debug\Exceptions->errorHandler(8, 'Trying to access array offset on value of type null', 'C:\\xampp\\htdocs\\myapp\\app\\Views\\pengeluaran.php', 37, [...])
 2 SYSTEMPATH\View\View.php(213): include('C:\\xampp\\htdocs\\myapp\\app\\Views\\pengeluaran.php')
 3 SYSTEMPATH\View\View.php(216): CodeIgniter\View\View->CodeIgniter\View\{closure}()
 4 SYSTEMPATH\Common.php(1184): CodeIgniter\View\View->render('pengeluaran', [], true)
 5 APPPATH\Controllers\Pengeluaran.php(17): view('pengeluaran', [...])
 6 SYSTEMPATH\CodeIgniter.php(934): App\Controllers\pengeluaran->index()
 7 SYSTEMPATH\CodeIgniter.php(499): CodeIgniter\CodeIgniter->runController(Object(App\Controllers\pengeluaran))
 8 SYSTEMPATH\CodeIgniter.php(368): CodeIgniter\CodeIgniter->handleRequest(null, Object(Config\Cache), false)
 9 FCPATH\index.php(67): CodeIgniter\CodeIgniter->run()
INFO - 2023-07-06 23:11:40 --> Session: Class initialized using 'CodeIgniter\Session\Handlers\FileHandler' driver.
CRITICAL - 2023-07-06 23:11:40 --> Trying to access array offset on value of type null
in APPPATH\Views\pengeluaran.php on line 37.
 1 APPPATH\Views\pengeluaran.php(37): CodeIgniter\Debug\Exceptions->errorHandler(8, 'Trying to access array offset on value of type null', 'C:\\xampp\\htdocs\\myapp\\app\\Views\\pengeluaran.php', 37, [...])
 2 SYSTEMPATH\View\View.php(213): include('C:\\xampp\\htdocs\\myapp\\app\\Views\\pengeluaran.php')
 3 SYSTEMPATH\View\View.php(216): CodeIgniter\View\View->CodeIgniter\View\{closure}()
 4 SYSTEMPATH\Common.php(1184): CodeIgniter\View\View->render('pengeluaran', [], true)
 5 APPPATH\Controllers\Pengeluaran.php(17): view('pengeluaran', [...])
 6 SYSTEMPATH\CodeIgniter.php(934): App\Controllers\pengeluaran->index()
 7 SYSTEMPATH\CodeIgniter.php(499): CodeIgniter\CodeIgniter->runController(Object(App\Controllers\pengeluaran))
 8 SYSTEMPATH\CodeIgniter.php(368): CodeIgniter\CodeIgniter->handleRequest(null, Object(Config\Cache), false)
 9 FCPATH\index.php(67): CodeIgniter\CodeIgniter->run()
INFO - 2023-07-06 23:11:42 --> Session: Class initialized using 'CodeIgniter\Session\Handlers\FileHandler' driver.
CRITICAL - 2023-07-06 23:11:42 --> Trying to access array offset on value of type null
in APPPATH\Views\pengeluaran.php on line 37.
 1 APPPATH\Views\pengeluaran.php(37): CodeIgniter\Debug\Exceptions->errorHandler(8, 'Trying to access array offset on value of type null', 'C:\\xampp\\htdocs\\myapp\\app\\Views\\pengeluaran.php', 37, [...])
 2 SYSTEMPATH\View\View.php(213): include('C:\\xampp\\htdocs\\myapp\\app\\Views\\pengeluaran.php')
 3 SYSTEMPATH\View\View.php(216): CodeIgniter\View\View->CodeIgniter\View\{closure}()
 4 SYSTEMPATH\Common.php(1184): CodeIgniter\View\View->render('pengeluaran', [], true)
 5 APPPATH\Controllers\Pengeluaran.php(17): view('pengeluaran', [...])
 6 SYSTEMPATH\CodeIgniter.php(934): App\Controllers\pengeluaran->index()
 7 SYSTEMPATH\CodeIgniter.php(499): CodeIgniter\CodeIgniter->runController(Object(App\Controllers\pengeluaran))
 8 SYSTEMPATH\CodeIgniter.php(368): CodeIgniter\CodeIgniter->handleRequest(null, Object(Config\Cache), false)
 9 FCPATH\index.php(67): CodeIgniter\CodeIgniter->run()
INFO - 2023-07-06 23:15:15 --> Session: Class initialized using 'CodeIgniter\Session\Handlers\FileHandler' driver.
INFO - 2023-07-06 23:20:28 --> Session: Class initialized using 'CodeIgniter\Session\Handlers\FileHandler' driver.
INFO - 2023-07-06 23:20:30 --> Session: Class initialized using 'CodeIgniter\Session\Handlers\FileHandler' driver.
INFO - 2023-07-06 23:20:33 --> Session: Class initialized using 'CodeIgniter\Session\Handlers\FileHandler' driver.
INFO - 2023-07-06 23:20:34 --> Session: Class initialized using 'CodeIgniter\Session\Handlers\FileHandler' driver.
CRITICAL - 2023-07-06 23:20:34 --> Trying to access array offset on value of type null
in APPPATH\Views\pengeluaran.php on line 37.
 1 APPPATH\Views\pengeluaran.php(37): CodeIgniter\Debug\Exceptions->errorHandler(8, 'Trying to access array offset on value of type null', 'C:\\xampp\\htdocs\\myapp\\app\\Views\\pengeluaran.php', 37, [...])
 2 SYSTEMPATH\View\View.php(213): include('C:\\xampp\\htdocs\\myapp\\app\\Views\\pengeluaran.php')
 3 SYSTEMPATH\View\View.php(216): CodeIgniter\View\View->CodeIgniter\View\{closure}()
 4 SYSTEMPATH\Common.php(1184): CodeIgniter\View\View->render('pengeluaran', [], true)
 5 APPPATH\Controllers\Pengeluaran.php(17): view('pengeluaran', [...])
 6 SYSTEMPATH\CodeIgniter.php(934): App\Controllers\pengeluaran->index()
 7 SYSTEMPATH\CodeIgniter.php(499): CodeIgniter\CodeIgniter->runController(Object(App\Controllers\pengeluaran))
 8 SYSTEMPATH\CodeIgniter.php(368): CodeIgniter\CodeIgniter->handleRequest(null, Object(Config\Cache), false)
 9 FCPATH\index.php(67): CodeIgniter\CodeIgniter->run()
INFO - 2023-07-06 23:22:15 --> Session: Class initialized using 'CodeIgniter\Session\Handlers\FileHandler' driver.
CRITICAL - 2023-07-06 23:32:37 --> Class 'App\Models\transferModel' not found
in APPPATH\Controllers\Transfer.php on line 12.
 1 SYSTEMPATH\CodeIgniter.php(934): App\Controllers\Transfer->index()
 2 SYSTEMPATH\CodeIgniter.php(499): CodeIgniter\CodeIgniter->runController(Object(App\Controllers\Transfer))
 3 SYSTEMPATH\CodeIgniter.php(368): CodeIgniter\CodeIgniter->handleRequest(null, Object(Config\Cache), false)
 4 FCPATH\index.php(67): CodeIgniter\CodeIgniter->run()
CRITICAL - 2023-07-06 23:33:13 --> Class 'App\Models\transferModel' not found
in APPPATH\Controllers\Transfer.php on line 12.
 1 SYSTEMPATH\CodeIgniter.php(934): App\Controllers\Transfer->index()
 2 SYSTEMPATH\CodeIgniter.php(499): CodeIgniter\CodeIgniter->runController(Object(App\Controllers\Transfer))
 3 SYSTEMPATH\CodeIgniter.php(368): CodeIgniter\CodeIgniter->handleRequest(null, Object(Config\Cache), false)
 4 FCPATH\index.php(67): CodeIgniter\CodeIgniter->run()
CRITICAL - 2023-07-06 23:33:14 --> Class 'App\Models\transferModel' not found
in APPPATH\Controllers\Transfer.php on line 12.
 1 SYSTEMPATH\CodeIgniter.php(934): App\Controllers\Transfer->index()
 2 SYSTEMPATH\CodeIgniter.php(499): CodeIgniter\CodeIgniter->runController(Object(App\Controllers\Transfer))
 3 SYSTEMPATH\CodeIgniter.php(368): CodeIgniter\CodeIgniter->handleRequest(null, Object(Config\Cache), false)
 4 FCPATH\index.php(67): CodeIgniter\CodeIgniter->run()
CRITICAL - 2023-07-06 23:33:15 --> Class 'App\Models\transferModel' not found
in APPPATH\Controllers\Transfer.php on line 12.
 1 SYSTEMPATH\CodeIgniter.php(934): App\Controllers\Transfer->index()
 2 SYSTEMPATH\CodeIgniter.php(499): CodeIgniter\CodeIgniter->runController(Object(App\Controllers\Transfer))
 3 SYSTEMPATH\CodeIgniter.php(368): CodeIgniter\CodeIgniter->handleRequest(null, Object(Config\Cache), false)
 4 FCPATH\index.php(67): CodeIgniter\CodeIgniter->run()
CRITICAL - 2023-07-06 23:33:47 --> Class 'App\Models\transferModel' not found
in APPPATH\Controllers\Transfer.php on line 12.
 1 SYSTEMPATH\CodeIgniter.php(934): App\Controllers\Transfer->index()
 2 SYSTEMPATH\CodeIgniter.php(499): CodeIgniter\CodeIgniter->runController(Object(App\Controllers\Transfer))
 3 SYSTEMPATH\CodeIgniter.php(368): CodeIgniter\CodeIgniter->handleRequest(null, Object(Config\Cache), false)
 4 FCPATH\index.php(67): CodeIgniter\CodeIgniter->run()
CRITICAL - 2023-07-06 23:33:48 --> Class 'App\Models\transferModel' not found
in APPPATH\Controllers\Transfer.php on line 12.
 1 SYSTEMPATH\CodeIgniter.php(934): App\Controllers\Transfer->index()
 2 SYSTEMPATH\CodeIgniter.php(499): CodeIgniter\CodeIgniter->runController(Object(App\Controllers\Transfer))
 3 SYSTEMPATH\CodeIgniter.php(368): CodeIgniter\CodeIgniter->handleRequest(null, Object(Config\Cache), false)
 4 FCPATH\index.php(67): CodeIgniter\CodeIgniter->run()
CRITICAL - 2023-07-06 23:33:48 --> Class 'App\Models\transferModel' not found
in APPPATH\Controllers\Transfer.php on line 12.
 1 SYSTEMPATH\CodeIgniter.php(934): App\Controllers\Transfer->index()
 2 SYSTEMPATH\CodeIgniter.php(499): CodeIgniter\CodeIgniter->runController(Object(App\Controllers\Transfer))
 3 SYSTEMPATH\CodeIgniter.php(368): CodeIgniter\CodeIgniter->handleRequest(null, Object(Config\Cache), false)
 4 FCPATH\index.php(67): CodeIgniter\CodeIgniter->run()
CRITICAL - 2023-07-06 23:33:48 --> Class 'App\Models\transferModel' not found
in APPPATH\Controllers\Transfer.php on line 12.
 1 SYSTEMPATH\CodeIgniter.php(934): App\Controllers\Transfer->index()
 2 SYSTEMPATH\CodeIgniter.php(499): CodeIgniter\CodeIgniter->runController(Object(App\Controllers\Transfer))
 3 SYSTEMPATH\CodeIgniter.php(368): CodeIgniter\CodeIgniter->handleRequest(null, Object(Config\Cache), false)
 4 FCPATH\index.php(67): CodeIgniter\CodeIgniter->run()
INFO - 2023-07-06 23:35:27 --> Session: Class initialized using 'CodeIgniter\Session\Handlers\FileHandler' driver.
CRITICAL - 2023-07-06 23:35:27 --> Undefined index: nama_transfer
in APPPATH\Views\transfer.php on line 32.
 1 APPPATH\Views\transfer.php(32): CodeIgniter\Debug\Exceptions->errorHandler(8, 'Undefined index: nama_transfer', 'C:\\xampp\\htdocs\\myapp\\app\\Views\\transfer.php', 32, [...])
 2 SYSTEMPATH\View\View.php(213): include('C:\\xampp\\htdocs\\myapp\\app\\Views\\transfer.php')
 3 SYSTEMPATH\View\View.php(216): CodeIgniter\View\View->CodeIgniter\View\{closure}()
 4 SYSTEMPATH\Common.php(1184): CodeIgniter\View\View->render('transfer', [], true)
 5 APPPATH\Controllers\Transfer.php(16): view('transfer', [...])
 6 SYSTEMPATH\CodeIgniter.php(934): App\Controllers\Transfer->index()
 7 SYSTEMPATH\CodeIgniter.php(499): CodeIgniter\CodeIgniter->runController(Object(App\Controllers\Transfer))
 8 SYSTEMPATH\CodeIgniter.php(368): CodeIgniter\CodeIgniter->handleRequest(null, Object(Config\Cache), false)
 9 FCPATH\index.php(67): CodeIgniter\CodeIgniter->run()
INFO - 2023-07-06 23:36:17 --> Session: Class initialized using 'CodeIgniter\Session\Handlers\FileHandler' driver.
CRITICAL - 2023-07-06 23:36:17 --> Undefined index: nomor_rekening
in APPPATH\Views\transfer.php on line 33.
 1 APPPATH\Views\transfer.php(33): CodeIgniter\Debug\Exceptions->errorHandler(8, 'Undefined index: nomor_rekening', 'C:\\xampp\\htdocs\\myapp\\app\\Views\\transfer.php', 33, [...])
 2 SYSTEMPATH\View\View.php(213): include('C:\\xampp\\htdocs\\myapp\\app\\Views\\transfer.php')
 3 SYSTEMPATH\View\View.php(216): CodeIgniter\View\View->CodeIgniter\View\{closure}()
 4 SYSTEMPATH\Common.php(1184): CodeIgniter\View\View->render('transfer', [], true)
 5 APPPATH\Controllers\Transfer.php(16): view('transfer', [...])
 6 SYSTEMPATH\CodeIgniter.php(934): App\Controllers\Transfer->index()
 7 SYSTEMPATH\CodeIgniter.php(499): CodeIgniter\CodeIgniter->runController(Object(App\Controllers\Transfer))
 8 SYSTEMPATH\CodeIgniter.php(368): CodeIgniter\CodeIgniter->handleRequest(null, Object(Config\Cache), false)
 9 FCPATH\index.php(67): CodeIgniter\CodeIgniter->run()
INFO - 2023-07-06 23:39:10 --> Session: Class initialized using 'CodeIgniter\Session\Handlers\FileHandler' driver.
CRITICAL - 2023-07-06 23:39:10 --> Undefined index: tanggal_pengeluaran
in APPPATH\Views\transfer.php on line 32.
 1 APPPATH\Views\transfer.php(32): CodeIgniter\Debug\Exceptions->errorHandler(8, 'Undefined index: tanggal_pengeluaran', 'C:\\xampp\\htdocs\\myapp\\app\\Views\\transfer.php', 32, [...])
 2 SYSTEMPATH\View\View.php(213): include('C:\\xampp\\htdocs\\myapp\\app\\Views\\transfer.php')
 3 SYSTEMPATH\View\View.php(216): CodeIgniter\View\View->CodeIgniter\View\{closure}()
 4 SYSTEMPATH\Common.php(1184): CodeIgniter\View\View->render('transfer', [], true)
 5 APPPATH\Controllers\Transfer.php(16): view('transfer', [...])
 6 SYSTEMPATH\CodeIgniter.php(934): App\Controllers\Transfer->index()
 7 SYSTEMPATH\CodeIgniter.php(499): CodeIgniter\CodeIgniter->runController(Object(App\Controllers\Transfer))
 8 SYSTEMPATH\CodeIgniter.php(368): CodeIgniter\CodeIgniter->handleRequest(null, Object(Config\Cache), false)
 9 FCPATH\index.php(67): CodeIgniter\CodeIgniter->run()
INFO - 2023-07-06 23:40:06 --> Session: Class initialized using 'CodeIgniter\Session\Handlers\FileHandler' driver.
CRITICAL - 2023-07-06 23:40:06 --> Undefined index: nominal_pengeluaran
in APPPATH\Views\transfer.php on line 32.
 1 APPPATH\Views\transfer.php(32): CodeIgniter\Debug\Exceptions->errorHandler(8, 'Undefined index: nominal_pengeluaran', 'C:\\xampp\\htdocs\\myapp\\app\\Views\\transfer.php', 32, [...])
 2 SYSTEMPATH\View\View.php(213): include('C:\\xampp\\htdocs\\myapp\\app\\Views\\transfer.php')
 3 SYSTEMPATH\View\View.php(216): CodeIgniter\View\View->CodeIgniter\View\{closure}()
 4 SYSTEMPATH\Common.php(1184): CodeIgniter\View\View->render('transfer', [], true)
 5 APPPATH\Controllers\Transfer.php(16): view('transfer', [...])
 6 SYSTEMPATH\CodeIgniter.php(934): App\Controllers\Transfer->index()
 7 SYSTEMPATH\CodeIgniter.php(499): CodeIgniter\CodeIgniter->runController(Object(App\Controllers\Transfer))
 8 SYSTEMPATH\CodeIgniter.php(368): CodeIgniter\CodeIgniter->handleRequest(null, Object(Config\Cache), false)
 9 FCPATH\index.php(67): CodeIgniter\CodeIgniter->run()
INFO - 2023-07-06 23:41:32 --> Session: Class initialized using 'CodeIgniter\Session\Handlers\FileHandler' driver.
CRITICAL - 2023-07-06 23:41:32 --> Undefined index: tanggal_pengeluaran
in APPPATH\Views\transfer.php on line 32.
 1 APPPATH\Views\transfer.php(32): CodeIgniter\Debug\Exceptions->errorHandler(8, 'Undefined index: tanggal_pengeluaran', 'C:\\xampp\\htdocs\\myapp\\app\\Views\\transfer.php', 32, [...])
 2 SYSTEMPATH\View\View.php(213): include('C:\\xampp\\htdocs\\myapp\\app\\Views\\transfer.php')
 3 SYSTEMPATH\View\View.php(216): CodeIgniter\View\View->CodeIgniter\View\{closure}()
 4 SYSTEMPATH\Common.php(1184): CodeIgniter\View\View->render('transfer', [], true)
 5 APPPATH\Controllers\Transfer.php(16): view('transfer', [...])
 6 SYSTEMPATH\CodeIgniter.php(934): App\Controllers\Transfer->index()
 7 SYSTEMPATH\CodeIgniter.php(499): CodeIgniter\CodeIgniter->runController(Object(App\Controllers\Transfer))
 8 SYSTEMPATH\CodeIgniter.php(368): CodeIgniter\CodeIgniter->handleRequest(null, Object(Config\Cache), false)
 9 FCPATH\index.php(67): CodeIgniter\CodeIgniter->run()
