INFO - 2023-07-08 08:29:43 --> Session: Class initialized using 'CodeIgniter\Session\Handlers\FileHandler' driver.
INFO - 2023-07-08 08:29:46 --> Session: Class initialized using 'CodeIgniter\Session\Handlers\FileHandler' driver.
INFO - 2023-07-08 08:29:47 --> Session: Class initialized using 'CodeIgniter\Session\Handlers\FileHandler' driver.
INFO - 2023-07-08 08:29:49 --> Session: Class initialized using 'CodeIgniter\Session\Handlers\FileHandler' driver.
INFO - 2023-07-08 08:29:50 --> Session: Class initialized using 'CodeIgniter\Session\Handlers\FileHandler' driver.
INFO - 2023-07-08 08:29:50 --> Session: Class initialized using 'CodeIgniter\Session\Handlers\FileHandler' driver.
INFO - 2023-07-08 08:29:51 --> Session: Class initialized using 'CodeIgniter\Session\Handlers\FileHandler' driver.
INFO - 2023-07-08 08:29:51 --> Session: Class initialized using 'CodeIgniter\Session\Handlers\FileHandler' driver.
INFO - 2023-07-08 08:29:52 --> Session: Class initialized using 'CodeIgniter\Session\Handlers\FileHandler' driver.
INFO - 2023-07-08 08:29:53 --> Session: Class initialized using 'CodeIgniter\Session\Handlers\FileHandler' driver.
INFO - 2023-07-08 08:51:51 --> Session: Class initialized using 'CodeIgniter\Session\Handlers\FileHandler' driver.
INFO - 2023-07-08 08:51:53 --> Session: Class initialized using 'CodeIgniter\Session\Handlers\FileHandler' driver.
INFO - 2023-07-08 08:52:07 --> Session: Class initialized using 'CodeIgniter\Session\Handlers\FileHandler' driver.
INFO - 2023-07-08 08:52:08 --> Session: Class initialized using 'CodeIgniter\Session\Handlers\FileHandler' driver.
INFO - 2023-07-08 08:52:10 --> Session: Class initialized using 'CodeIgniter\Session\Handlers\FileHandler' driver.
INFO - 2023-07-08 11:44:16 --> Session: Class initialized using 'CodeIgniter\Session\Handlers\FileHandler' driver.
CRITICAL - 2023-07-08 11:49:55 --> Unknown database 'sisakad'
in APPPATH\Views\templates\header.php on line 1.
 1 APPPATH\Views\templates\header.php(1): mysqli->__construct('localhost', 'root', '', 'sisakad')
 2 SYSTEMPATH\View\View.php(213): include('C:\\xampp\\htdocs\\myapp\\app\\Views\\templates\\header.php')
 3 SYSTEMPATH\View\View.php(216): CodeIgniter\View\View->CodeIgniter\View\{closure}()
 4 SYSTEMPATH\Common.php(1184): CodeIgniter\View\View->render('templates/header', [], true)
 5 APPPATH\Controllers\Transfer.php(16): view('templates/header')
 6 SYSTEMPATH\CodeIgniter.php(934): App\Controllers\transfer->index()
 7 SYSTEMPATH\CodeIgniter.php(499): CodeIgniter\CodeIgniter->runController(Object(App\Controllers\transfer))
 8 SYSTEMPATH\CodeIgniter.php(368): CodeIgniter\CodeIgniter->handleRequest(null, Object(Config\Cache), false)
 9 FCPATH\index.php(67): CodeIgniter\CodeIgniter->run()
CRITICAL - 2023-07-08 11:50:01 --> Unknown database 'sisakad'
in APPPATH\Views\templates\header.php on line 1.
 1 APPPATH\Views\templates\header.php(1): mysqli->__construct('localhost', 'root', '', 'sisakad')
 2 SYSTEMPATH\View\View.php(213): include('C:\\xampp\\htdocs\\myapp\\app\\Views\\templates\\header.php')
 3 SYSTEMPATH\View\View.php(216): CodeIgniter\View\View->CodeIgniter\View\{closure}()
 4 SYSTEMPATH\Common.php(1184): CodeIgniter\View\View->render('templates/header', [], true)
 5 APPPATH\Controllers\Pengeluaran.php(16): view('templates/header')
 6 SYSTEMPATH\CodeIgniter.php(934): App\Controllers\pengeluaran->index()
 7 SYSTEMPATH\CodeIgniter.php(499): CodeIgniter\CodeIgniter->runController(Object(App\Controllers\pengeluaran))
 8 SYSTEMPATH\CodeIgniter.php(368): CodeIgniter\CodeIgniter->handleRequest(null, Object(Config\Cache), false)
 9 FCPATH\index.php(67): CodeIgniter\CodeIgniter->run()
INFO - 2023-07-08 11:51:07 --> Session: Class initialized using 'CodeIgniter\Session\Handlers\FileHandler' driver.
INFO - 2023-07-08 11:51:10 --> Session: Class initialized using 'CodeIgniter\Session\Handlers\FileHandler' driver.
INFO - 2023-07-08 11:51:43 --> Session: Class initialized using 'CodeIgniter\Session\Handlers\FileHandler' driver.
INFO - 2023-07-08 11:52:27 --> Session: Class initialized using 'CodeIgniter\Session\Handlers\FileHandler' driver.
INFO - 2023-07-08 11:53:57 --> Session: Class initialized using 'CodeIgniter\Session\Handlers\FileHandler' driver.
INFO - 2023-07-08 11:54:00 --> Session: Class initialized using 'CodeIgniter\Session\Handlers\FileHandler' driver.
INFO - 2023-07-08 12:04:22 --> Session: Class initialized using 'CodeIgniter\Session\Handlers\FileHandler' driver.
INFO - 2023-07-08 12:09:06 --> Session: Class initialized using 'CodeIgniter\Session\Handlers\FileHandler' driver.
INFO - 2023-07-08 12:09:09 --> Session: Class initialized using 'CodeIgniter\Session\Handlers\FileHandler' driver.
INFO - 2023-07-08 12:09:50 --> Session: Class initialized using 'CodeIgniter\Session\Handlers\FileHandler' driver.
INFO - 2023-07-08 12:10:05 --> Session: Class initialized using 'CodeIgniter\Session\Handlers\FileHandler' driver.
INFO - 2023-07-08 12:17:32 --> Session: Class initialized using 'CodeIgniter\Session\Handlers\FileHandler' driver.
INFO - 2023-07-08 12:18:44 --> Session: Class initialized using 'CodeIgniter\Session\Handlers\FileHandler' driver.
INFO - 2023-07-08 12:29:53 --> Session: Class initialized using 'CodeIgniter\Session\Handlers\FileHandler' driver.
INFO - 2023-07-08 12:30:39 --> Session: Class initialized using 'CodeIgniter\Session\Handlers\FileHandler' driver.
INFO - 2023-07-08 12:31:23 --> Session: Class initialized using 'CodeIgniter\Session\Handlers\FileHandler' driver.
INFO - 2023-07-08 12:32:10 --> Session: Class initialized using 'CodeIgniter\Session\Handlers\FileHandler' driver.
INFO - 2023-07-08 12:32:12 --> Session: Class initialized using 'CodeIgniter\Session\Handlers\FileHandler' driver.
INFO - 2023-07-08 12:41:44 --> Session: Class initialized using 'CodeIgniter\Session\Handlers\FileHandler' driver.
INFO - 2023-07-08 12:41:49 --> Session: Class initialized using 'CodeIgniter\Session\Handlers\FileHandler' driver.
INFO - 2023-07-08 12:45:23 --> Session: Class initialized using 'CodeIgniter\Session\Handlers\FileHandler' driver.
CRITICAL - 2023-07-08 13:00:40 --> Undefined variable: _SESSION
in APPPATH\Views\templates\header.php on line 41.
 1 APPPATH\Views\templates\header.php(41): CodeIgniter\Debug\Exceptions->errorHandler(8, 'Undefined variable: _SESSION', 'C:\\xampp\\htdocs\\myapp\\app\\Views\\templates\\header.php', 41, [])
 2 SYSTEMPATH\View\View.php(213): include('C:\\xampp\\htdocs\\myapp\\app\\Views\\templates\\header.php')
 3 SYSTEMPATH\View\View.php(216): CodeIgniter\View\View->CodeIgniter\View\{closure}()
 4 SYSTEMPATH\Common.php(1184): CodeIgniter\View\View->render('templates/header', [], true)
 5 APPPATH\Controllers\Bank.php(15): view('templates/header')
 6 SYSTEMPATH\CodeIgniter.php(934): App\Controllers\Bank->index()
 7 SYSTEMPATH\CodeIgniter.php(499): CodeIgniter\CodeIgniter->runController(Object(App\Controllers\Bank))
 8 SYSTEMPATH\CodeIgniter.php(368): CodeIgniter\CodeIgniter->handleRequest(null, Object(Config\Cache), false)
 9 FCPATH\index.php(67): CodeIgniter\CodeIgniter->run()
CRITICAL - 2023-07-08 13:00:45 --> Undefined variable: _SESSION
in APPPATH\Views\templates\header.php on line 41.
 1 APPPATH\Views\templates\header.php(41): CodeIgniter\Debug\Exceptions->errorHandler(8, 'Undefined variable: _SESSION', 'C:\\xampp\\htdocs\\myapp\\app\\Views\\templates\\header.php', 41, [])
 2 SYSTEMPATH\View\View.php(213): include('C:\\xampp\\htdocs\\myapp\\app\\Views\\templates\\header.php')
 3 SYSTEMPATH\View\View.php(216): CodeIgniter\View\View->CodeIgniter\View\{closure}()
 4 SYSTEMPATH\Common.php(1184): CodeIgniter\View\View->render('templates/header', [], true)
 5 APPPATH\Controllers\Dashboard.php(18): view('templates/header')
 6 SYSTEMPATH\CodeIgniter.php(934): App\Controllers\Dashboard->index()
 7 SYSTEMPATH\CodeIgniter.php(499): CodeIgniter\CodeIgniter->runController(Object(App\Controllers\Dashboard))
 8 SYSTEMPATH\CodeIgniter.php(368): CodeIgniter\CodeIgniter->handleRequest(null, Object(Config\Cache), false)
 9 FCPATH\index.php(67): CodeIgniter\CodeIgniter->run()
CRITICAL - 2023-07-08 13:00:46 --> Undefined variable: _SESSION
in APPPATH\Views\templates\header.php on line 41.
 1 APPPATH\Views\templates\header.php(41): CodeIgniter\Debug\Exceptions->errorHandler(8, 'Undefined variable: _SESSION', 'C:\\xampp\\htdocs\\myapp\\app\\Views\\templates\\header.php', 41, [])
 2 SYSTEMPATH\View\View.php(213): include('C:\\xampp\\htdocs\\myapp\\app\\Views\\templates\\header.php')
 3 SYSTEMPATH\View\View.php(216): CodeIgniter\View\View->CodeIgniter\View\{closure}()
 4 SYSTEMPATH\Common.php(1184): CodeIgniter\View\View->render('templates/header', [], true)
 5 APPPATH\Controllers\Kategori.php(14): view('templates/header')
 6 SYSTEMPATH\CodeIgniter.php(934): App\Controllers\Kategori->index()
 7 SYSTEMPATH\CodeIgniter.php(499): CodeIgniter\CodeIgniter->runController(Object(App\Controllers\Kategori))
 8 SYSTEMPATH\CodeIgniter.php(368): CodeIgniter\CodeIgniter->handleRequest(null, Object(Config\Cache), false)
 9 FCPATH\index.php(67): CodeIgniter\CodeIgniter->run()
CRITICAL - 2023-07-08 13:01:26 --> Undefined variable: pecah
in APPPATH\Views\templates\header.php on line 46.
 1 APPPATH\Views\templates\header.php(46): CodeIgniter\Debug\Exceptions->errorHandler(8, 'Undefined variable: pecah', 'C:\\xampp\\htdocs\\myapp\\app\\Views\\templates\\header.php', 46, [])
 2 SYSTEMPATH\View\View.php(213): include('C:\\xampp\\htdocs\\myapp\\app\\Views\\templates\\header.php')
 3 SYSTEMPATH\View\View.php(216): CodeIgniter\View\View->CodeIgniter\View\{closure}()
 4 SYSTEMPATH\Common.php(1184): CodeIgniter\View\View->render('templates/header', [], true)
 5 APPPATH\Controllers\Bank.php(15): view('templates/header')
 6 SYSTEMPATH\CodeIgniter.php(934): App\Controllers\Bank->index()
 7 SYSTEMPATH\CodeIgniter.php(499): CodeIgniter\CodeIgniter->runController(Object(App\Controllers\Bank))
 8 SYSTEMPATH\CodeIgniter.php(368): CodeIgniter\CodeIgniter->handleRequest(null, Object(Config\Cache), false)
 9 FCPATH\index.php(67): CodeIgniter\CodeIgniter->run()
CRITICAL - 2023-07-08 13:02:27 --> Undefined variable: pecah
in APPPATH\Views\templates\header.php on line 56.
 1 APPPATH\Views\templates\header.php(56): CodeIgniter\Debug\Exceptions->errorHandler(8, 'Undefined variable: pecah', 'C:\\xampp\\htdocs\\myapp\\app\\Views\\templates\\header.php', 56, [])
 2 SYSTEMPATH\View\View.php(213): include('C:\\xampp\\htdocs\\myapp\\app\\Views\\templates\\header.php')
 3 SYSTEMPATH\View\View.php(216): CodeIgniter\View\View->CodeIgniter\View\{closure}()
 4 SYSTEMPATH\Common.php(1184): CodeIgniter\View\View->render('templates/header', [], true)
 5 APPPATH\Controllers\Bank.php(15): view('templates/header')
 6 SYSTEMPATH\CodeIgniter.php(934): App\Controllers\Bank->index()
 7 SYSTEMPATH\CodeIgniter.php(499): CodeIgniter\CodeIgniter->runController(Object(App\Controllers\Bank))
 8 SYSTEMPATH\CodeIgniter.php(368): CodeIgniter\CodeIgniter->handleRequest(null, Object(Config\Cache), false)
 9 FCPATH\index.php(67): CodeIgniter\CodeIgniter->run()
CRITICAL - 2023-07-08 13:02:52 --> Undefined variable: pecah
in APPPATH\Views\templates\header.php on line 91.
 1 APPPATH\Views\templates\header.php(91): CodeIgniter\Debug\Exceptions->errorHandler(8, 'Undefined variable: pecah', 'C:\\xampp\\htdocs\\myapp\\app\\Views\\templates\\header.php', 91, [])
 2 SYSTEMPATH\View\View.php(213): include('C:\\xampp\\htdocs\\myapp\\app\\Views\\templates\\header.php')
 3 SYSTEMPATH\View\View.php(216): CodeIgniter\View\View->CodeIgniter\View\{closure}()
 4 SYSTEMPATH\Common.php(1184): CodeIgniter\View\View->render('templates/header', [], true)
 5 APPPATH\Controllers\Bank.php(15): view('templates/header')
 6 SYSTEMPATH\CodeIgniter.php(934): App\Controllers\Bank->index()
 7 SYSTEMPATH\CodeIgniter.php(499): CodeIgniter\CodeIgniter->runController(Object(App\Controllers\Bank))
 8 SYSTEMPATH\CodeIgniter.php(368): CodeIgniter\CodeIgniter->handleRequest(null, Object(Config\Cache), false)
 9 FCPATH\index.php(67): CodeIgniter\CodeIgniter->run()
CRITICAL - 2023-07-08 13:02:54 --> Undefined variable: pecah
in APPPATH\Views\templates\header.php on line 91.
 1 APPPATH\Views\templates\header.php(91): CodeIgniter\Debug\Exceptions->errorHandler(8, 'Undefined variable: pecah', 'C:\\xampp\\htdocs\\myapp\\app\\Views\\templates\\header.php', 91, [])
 2 SYSTEMPATH\View\View.php(213): include('C:\\xampp\\htdocs\\myapp\\app\\Views\\templates\\header.php')
 3 SYSTEMPATH\View\View.php(216): CodeIgniter\View\View->CodeIgniter\View\{closure}()
 4 SYSTEMPATH\Common.php(1184): CodeIgniter\View\View->render('templates/header', [], true)
 5 APPPATH\Controllers\Bank.php(15): view('templates/header')
 6 SYSTEMPATH\CodeIgniter.php(934): App\Controllers\Bank->index()
 7 SYSTEMPATH\CodeIgniter.php(499): CodeIgniter\CodeIgniter->runController(Object(App\Controllers\Bank))
 8 SYSTEMPATH\CodeIgniter.php(368): CodeIgniter\CodeIgniter->handleRequest(null, Object(Config\Cache), false)
 9 FCPATH\index.php(67): CodeIgniter\CodeIgniter->run()
CRITICAL - 2023-07-08 13:02:55 --> Undefined variable: pecah
in APPPATH\Views\templates\header.php on line 91.
 1 APPPATH\Views\templates\header.php(91): CodeIgniter\Debug\Exceptions->errorHandler(8, 'Undefined variable: pecah', 'C:\\xampp\\htdocs\\myapp\\app\\Views\\templates\\header.php', 91, [])
 2 SYSTEMPATH\View\View.php(213): include('C:\\xampp\\htdocs\\myapp\\app\\Views\\templates\\header.php')
 3 SYSTEMPATH\View\View.php(216): CodeIgniter\View\View->CodeIgniter\View\{closure}()
 4 SYSTEMPATH\Common.php(1184): CodeIgniter\View\View->render('templates/header', [], true)
 5 APPPATH\Controllers\Bank.php(15): view('templates/header')
 6 SYSTEMPATH\CodeIgniter.php(934): App\Controllers\Bank->index()
 7 SYSTEMPATH\CodeIgniter.php(499): CodeIgniter\CodeIgniter->runController(Object(App\Controllers\Bank))
 8 SYSTEMPATH\CodeIgniter.php(368): CodeIgniter\CodeIgniter->handleRequest(null, Object(Config\Cache), false)
 9 FCPATH\index.php(67): CodeIgniter\CodeIgniter->run()
CRITICAL - 2023-07-08 13:03:17 --> Invalid file: "templates/navbar.php"
in SYSTEMPATH\Exceptions\FrameworkException.php on line 33.
 1 SYSTEMPATH\View\View.php(201): CodeIgniter\Exceptions\FrameworkException::forInvalidFile('templates/navbar.php')
 2 SYSTEMPATH\Common.php(1184): CodeIgniter\View\View->render('templates/navbar', [], true)
 3 APPPATH\Controllers\Bank.php(16): view('templates/navbar')
 4 SYSTEMPATH\CodeIgniter.php(934): App\Controllers\Bank->index()
 5 SYSTEMPATH\CodeIgniter.php(499): CodeIgniter\CodeIgniter->runController(Object(App\Controllers\Bank))
 6 SYSTEMPATH\CodeIgniter.php(368): CodeIgniter\CodeIgniter->handleRequest(null, Object(Config\Cache), false)
 7 FCPATH\index.php(67): CodeIgniter\CodeIgniter->run()
CRITICAL - 2023-07-08 13:19:35 --> Undefined variable: page_title
in APPPATH\Views\templates\header.php on line 12.
 1 APPPATH\Views\templates\header.php(12): CodeIgniter\Debug\Exceptions->errorHandler(8, 'Undefined variable: page_title', 'C:\\xampp\\htdocs\\myapp\\app\\Views\\templates\\header.php', 12, [])
 2 SYSTEMPATH\View\View.php(213): include('C:\\xampp\\htdocs\\myapp\\app\\Views\\templates\\header.php')
 3 SYSTEMPATH\View\View.php(216): CodeIgniter\View\View->CodeIgniter\View\{closure}()
 4 SYSTEMPATH\Common.php(1184): CodeIgniter\View\View->render('templates/header', [], true)
 5 APPPATH\Controllers\Bank.php(15): view('templates/header')
 6 SYSTEMPATH\CodeIgniter.php(934): App\Controllers\Bank->index()
 7 SYSTEMPATH\CodeIgniter.php(499): CodeIgniter\CodeIgniter->runController(Object(App\Controllers\Bank))
 8 SYSTEMPATH\CodeIgniter.php(368): CodeIgniter\CodeIgniter->handleRequest(null, Object(Config\Cache), false)
 9 FCPATH\index.php(67): CodeIgniter\CodeIgniter->run()
CRITICAL - 2023-07-08 13:21:45 --> Undefined property: CodeIgniter\View\View::$session
in APPPATH\Views\templates\header.php on line 262.
 1 APPPATH\Views\templates\header.php(262): CodeIgniter\Debug\Exceptions->errorHandler(8, 'Undefined property: CodeIgniter\\View\\View::$session', 'C:\\xampp\\htdocs\\myapp\\app\\Views\\templates\\header.php', 262, [])
 2 SYSTEMPATH\View\View.php(213): include('C:\\xampp\\htdocs\\myapp\\app\\Views\\templates\\header.php')
 3 SYSTEMPATH\View\View.php(216): CodeIgniter\View\View->CodeIgniter\View\{closure}()
 4 SYSTEMPATH\Common.php(1184): CodeIgniter\View\View->render('templates/header', [], true)
 5 APPPATH\Controllers\Bank.php(15): view('templates/header')
 6 SYSTEMPATH\CodeIgniter.php(934): App\Controllers\Bank->index()
 7 SYSTEMPATH\CodeIgniter.php(499): CodeIgniter\CodeIgniter->runController(Object(App\Controllers\Bank))
 8 SYSTEMPATH\CodeIgniter.php(368): CodeIgniter\CodeIgniter->handleRequest(null, Object(Config\Cache), false)
 9 FCPATH\index.php(67): CodeIgniter\CodeIgniter->run()
CRITICAL - 2023-07-08 13:22:22 --> Invalid file: "templates/navbar.php"
in SYSTEMPATH\Exceptions\FrameworkException.php on line 33.
 1 SYSTEMPATH\View\View.php(201): CodeIgniter\Exceptions\FrameworkException::forInvalidFile('templates/navbar.php')
 2 SYSTEMPATH\Common.php(1184): CodeIgniter\View\View->render('templates/navbar', [], true)
 3 APPPATH\Controllers\Bank.php(16): view('templates/navbar')
 4 SYSTEMPATH\CodeIgniter.php(934): App\Controllers\Bank->index()
 5 SYSTEMPATH\CodeIgniter.php(499): CodeIgniter\CodeIgniter->runController(Object(App\Controllers\Bank))
 6 SYSTEMPATH\CodeIgniter.php(368): CodeIgniter\CodeIgniter->handleRequest(null, Object(Config\Cache), false)
 7 FCPATH\index.php(67): CodeIgniter\CodeIgniter->run()
CRITICAL - 2023-07-08 13:22:57 --> Invalid file: "templates/navbar.php"
in SYSTEMPATH\Exceptions\FrameworkException.php on line 33.
 1 SYSTEMPATH\View\View.php(201): CodeIgniter\Exceptions\FrameworkException::forInvalidFile('templates/navbar.php')
 2 SYSTEMPATH\Common.php(1184): CodeIgniter\View\View->render('templates/navbar', [], true)
 3 APPPATH\Controllers\Bank.php(16): view('templates/navbar')
 4 SYSTEMPATH\CodeIgniter.php(934): App\Controllers\Bank->index()
 5 SYSTEMPATH\CodeIgniter.php(499): CodeIgniter\CodeIgniter->runController(Object(App\Controllers\Bank))
 6 SYSTEMPATH\CodeIgniter.php(368): CodeIgniter\CodeIgniter->handleRequest(null, Object(Config\Cache), false)
 7 FCPATH\index.php(67): CodeIgniter\CodeIgniter->run()
INFO - 2023-07-08 13:27:14 --> Session: Class initialized using 'CodeIgniter\Session\Handlers\FileHandler' driver.
INFO - 2023-07-08 13:27:15 --> Session: Class initialized using 'CodeIgniter\Session\Handlers\FileHandler' driver.
INFO - 2023-07-08 13:27:16 --> Session: Class initialized using 'CodeIgniter\Session\Handlers\FileHandler' driver.
CRITICAL - 2023-07-08 13:27:19 --> Invalid file: "templates/navbar.php"
in SYSTEMPATH\Exceptions\FrameworkException.php on line 33.
 1 SYSTEMPATH\View\View.php(201): CodeIgniter\Exceptions\FrameworkException::forInvalidFile('templates/navbar.php')
 2 SYSTEMPATH\Common.php(1184): CodeIgniter\View\View->render('templates/navbar', [], true)
 3 APPPATH\Controllers\Bank.php(16): view('templates/navbar')
 4 SYSTEMPATH\CodeIgniter.php(934): App\Controllers\Bank->index()
 5 SYSTEMPATH\CodeIgniter.php(499): CodeIgniter\CodeIgniter->runController(Object(App\Controllers\Bank))
 6 SYSTEMPATH\CodeIgniter.php(368): CodeIgniter\CodeIgniter->handleRequest(null, Object(Config\Cache), false)
 7 FCPATH\index.php(67): CodeIgniter\CodeIgniter->run()
INFO - 2023-07-08 13:27:48 --> Session: Class initialized using 'CodeIgniter\Session\Handlers\FileHandler' driver.
